TN:
SF:src/app/config/setupTests.js
FN:5,(anonymous_0)
FN:8,(anonymous_1)
FN:12,(anonymous_2)
FN:16,(anonymous_3)
FN:21,(anonymous_4)
FN:22,(anonymous_5)
FN:36,(anonymous_6)
FN:39,(anonymous_7)
FN:41,(anonymous_8)
FN:47,(anonymous_9)
FN:57,(anonymous_10)
FN:58,(anonymous_11)
FN:59,(anonymous_12)
FN:60,(anonymous_13)
FN:68,(anonymous_14)
FN:77,(anonymous_15)
FN:92,(anonymous_16)
FN:96,(anonymous_17)
FN:102,(anonymous_18)
FN:103,(anonymous_19)
FN:108,(anonymous_20)
FN:115,(anonymous_21)
FN:117,(anonymous_22)
FN:118,(anonymous_23)
FN:119,(anonymous_24)
FN:155,(anonymous_25)
FN:156,(anonymous_26)
FN:157,(anonymous_27)
FN:158,(anonymous_28)
FN:162,(anonymous_29)
FN:173,(anonymous_30)
FN:212,(anonymous_31)
FN:213,(anonymous_32)
FN:224,(anonymous_33)
FNF:34
FNH:0
FNDA:0,(anonymous_0)
FNDA:0,(anonymous_1)
FNDA:0,(anonymous_2)
FNDA:0,(anonymous_3)
FNDA:0,(anonymous_4)
FNDA:0,(anonymous_5)
FNDA:0,(anonymous_6)
FNDA:0,(anonymous_7)
FNDA:0,(anonymous_8)
FNDA:0,(anonymous_9)
FNDA:0,(anonymous_10)
FNDA:0,(anonymous_11)
FNDA:0,(anonymous_12)
FNDA:0,(anonymous_13)
FNDA:0,(anonymous_14)
FNDA:0,(anonymous_15)
FNDA:0,(anonymous_16)
FNDA:0,(anonymous_17)
FNDA:0,(anonymous_18)
FNDA:0,(anonymous_19)
FNDA:0,(anonymous_20)
FNDA:0,(anonymous_21)
FNDA:0,(anonymous_22)
FNDA:0,(anonymous_23)
FNDA:0,(anonymous_24)
FNDA:0,(anonymous_25)
FNDA:0,(anonymous_26)
FNDA:0,(anonymous_27)
FNDA:0,(anonymous_28)
FNDA:0,(anonymous_29)
FNDA:0,(anonymous_30)
FNDA:0,(anonymous_31)
FNDA:0,(anonymous_32)
FNDA:0,(anonymous_33)
DA:5,0
DA:8,0
DA:9,0
DA:12,0
DA:16,0
DA:21,0
DA:22,0
DA:36,0
DA:39,0
DA:41,0
DA:47,0
DA:57,0
DA:58,0
DA:59,0
DA:60,0
DA:68,0
DA:77,0
DA:92,0
DA:96,0
DA:102,0
DA:103,0
DA:108,0
DA:115,0
DA:116,0
DA:117,0
DA:118,0
DA:119,0
DA:155,0
DA:156,0
DA:157,0
DA:158,0
DA:162,0
DA:173,0
DA:174,0
DA:181,0
DA:188,0
DA:194,0
DA:203,0
DA:211,0
DA:212,0
DA:213,0
DA:214,0
DA:218,0
DA:220,0
DA:224,0
DA:225,0
LF:46
LH:0
BRDA:12,0,0,0
BRDA:12,0,1,0
BRDA:119,1,0,0
BRDA:119,1,1,0
BRDA:214,2,0,0
BRDA:214,2,1,0
BRDA:215,3,0,0
BRDA:215,3,1,0
BRF:8
BRH:0
end_of_record
TN:
SF:src/auth/usecases/base/BaseUseCase.js
FN:13,(anonymous_0)
FN:26,(anonymous_1)
FN:36,(anonymous_2)
FNF:3
FNH:0
FNDA:0,(anonymous_0)
FNDA:0,(anonymous_1)
FNDA:0,(anonymous_2)
DA:14,0
DA:15,0
DA:17,0
DA:27,0
DA:28,0
DA:37,0
LF:6
LH:0
BRF:0
BRH:0
end_of_record
TN:
SF:src/contexts/ProfileThemeContext.tsx
FN:45,(anonymous_0)
FN:58,(anonymous_1)
FN:63,(anonymous_2)
FN:98,(anonymous_3)
FN:134,(anonymous_4)
FN:154,(anonymous_5)
FN:157,(anonymous_6)
FNF:7
FNH:0
FNDA:0,(anonymous_0)
FNDA:0,(anonymous_1)
FNDA:0,(anonymous_2)
FNDA:0,(anonymous_3)
FNDA:0,(anonymous_4)
FNDA:0,(anonymous_5)
FNDA:0,(anonymous_6)
DA:35,0
DA:45,0
DA:48,0
DA:49,0
DA:52,0
DA:58,0
DA:59,0
DA:62,0
DA:63,0
DA:71,0
DA:98,0
DA:99,0
DA:101,0
DA:103,0
DA:106,0
DA:113,0
DA:134,0
DA:135,0
DA:136,0
DA:154,0
DA:157,0
DA:158,0
DA:159,0
LF:23
LH:0
BRDA:52,0,0,0
BRDA:52,0,1,0
BRDA:101,1,0,0
BRDA:101,1,1,0
BRF:4
BRH:0
end_of_record
TN:
SF:src/data/countries.js
FN:213,(anonymous_0)
FN:214,(anonymous_1)
FN:217,(anonymous_2)
FNF:3
FNH:0
FNDA:0,(anonymous_0)
FNDA:0,(anonymous_1)
FNDA:0,(anonymous_2)
DA:1,0
DA:213,0
DA:214,0
DA:217,0
DA:218,0
DA:219,0
LF:6
LH:0
BRDA:219,0,0,0
BRDA:219,0,1,0
BRF:2
BRH:0
end_of_record
TN:
SF:src/data/auth/FirebaseAuthRepository.ts
FN:39,(anonymous_0)
FN:44,(anonymous_1)
FN:59,(anonymous_2)
FN:64,(anonymous_3)
FN:91,(anonymous_4)
FN:96,(anonymous_5)
FN:104,(anonymous_6)
FN:118,(anonymous_7)
FN:139,(anonymous_8)
FN:157,(anonymous_9)
FN:184,(anonymous_10)
FN:212,(anonymous_11)
FN:228,(anonymous_12)
FN:237,(anonymous_13)
FN:246,(anonymous_14)
FN:270,(anonymous_15)
FN:285,(anonymous_16)
FN:297,(anonymous_17)
FN:309,(anonymous_18)
FN:321,(anonymous_19)
FN:329,(anonymous_20)
FN:341,(anonymous_21)
FN:365,(anonymous_22)
FN:367,(anonymous_23)
FNF:24
FNH:0
FNDA:0,(anonymous_0)
FNDA:0,(anonymous_1)
FNDA:0,(anonymous_2)
FNDA:0,(anonymous_3)
FNDA:0,(anonymous_4)
FNDA:0,(anonymous_5)
FNDA:0,(anonymous_6)
FNDA:0,(anonymous_7)
FNDA:0,(anonymous_8)
FNDA:0,(anonymous_9)
FNDA:0,(anonymous_10)
FNDA:0,(anonymous_11)
FNDA:0,(anonymous_12)
FNDA:0,(anonymous_13)
FNDA:0,(anonymous_14)
FNDA:0,(anonymous_15)
FNDA:0,(anonymous_16)
FNDA:0,(anonymous_17)
FNDA:0,(anonymous_18)
FNDA:0,(anonymous_19)
FNDA:0,(anonymous_20)
FNDA:0,(anonymous_21)
FNDA:0,(anonymous_22)
FNDA:0,(anonymous_23)
DA:45,0
DA:46,0
DA:52,0
DA:53,0
DA:55,0
DA:61,0
DA:65,0
DA:66,0
DA:71,0
DA:77,0
DA:79,0
DA:80,0
DA:82,0
DA:87,0
DA:93,0
DA:97,0
DA:98,0
DA:100,0
DA:105,0
DA:106,0
DA:107,0
DA:108,0
DA:111,0
DA:112,0
DA:114,0
DA:119,0
DA:120,0
DA:126,0
DA:128,0
DA:133,0
DA:135,0
DA:140,0
DA:141,0
DA:143,0
DA:144,0
DA:147,0
DA:148,0
DA:150,0
DA:152,0
DA:153,0
DA:158,0
DA:159,0
DA:164,0
DA:170,0
DA:173,0
DA:174,0
DA:175,0
DA:178,0
DA:180,0
DA:185,0
DA:187,0
DA:190,0
DA:191,0
DA:192,0
DA:199,0
DA:200,0
DA:202,0
DA:204,0
DA:213,0
DA:215,0
DA:216,0
DA:217,0
DA:220,0
DA:221,0
DA:223,0
DA:224,0
DA:229,0
DA:231,0
DA:233,0
DA:238,0
DA:240,0
DA:242,0
DA:247,0
DA:249,0
DA:251,0
DA:253,0
DA:256,0
DA:257,0
DA:260,0
DA:261,0
DA:263,0
DA:265,0
DA:266,0
DA:271,0
DA:272,0
DA:273,0
DA:274,0
DA:276,0
DA:277,0
DA:278,0
DA:280,0
DA:281,0
DA:286,0
DA:287,0
DA:288,0
DA:290,0
DA:291,0
DA:293,0
DA:298,0
DA:299,0
DA:300,0
DA:302,0
DA:303,0
DA:305,0
DA:310,0
DA:311,0
DA:312,0
DA:314,0
DA:315,0
DA:317,0
DA:322,0
DA:323,0
DA:325,0
DA:330,0
DA:332,0
DA:333,0
DA:334,0
DA:336,0
DA:337,0
DA:342,0
DA:344,0
DA:346,0
DA:347,0
DA:348,0
DA:350,0
DA:351,0
DA:354,0
DA:355,0
DA:356,0
DA:358,0
DA:360,0
DA:361,0
DA:367,0
DA:368,0
DA:369,0
DA:370,0
DA:371,0
DA:372,0
DA:374,0
DA:377,0
DA:378,0
LF:141
LH:0
BRDA:107,0,0,0
BRDA:107,0,1,0
BRDA:143,1,0,0
BRDA:143,1,1,0
BRDA:174,2,0,0
BRDA:174,2,1,0
BRDA:190,3,0,0
BRDA:190,3,1,0
BRDA:190,4,0,0
BRDA:190,4,1,0
BRDA:216,5,0,0
BRDA:216,5,1,0
BRDA:251,6,0,0
BRDA:251,6,1,0
BRDA:256,7,0,0
BRDA:256,7,1,0
BRDA:350,8,0,0
BRDA:350,8,1,0
BRDA:369,9,0,0
BRDA:369,9,1,0
BRF:20
BRH:0
end_of_record
TN:
SF:src/data/auth/mappers.ts
FN:12,(anonymous_0)
FN:26,(anonymous_1)
FN:64,(anonymous_2)
FN:73,(anonymous_3)
FN:102,(anonymous_4)
FN:122,(anonymous_5)
FNF:6
FNH:0
FNDA:0,(anonymous_0)
FNDA:0,(anonymous_1)
FNDA:0,(anonymous_2)
FNDA:0,(anonymous_3)
FNDA:0,(anonymous_4)
FNDA:0,(anonymous_5)
DA:13,0
DA:28,0
DA:29,0
DA:30,0
DA:31,0
DA:32,0
DA:34,0
DA:35,0
DA:37,0
DA:38,0
DA:40,0
DA:41,0
DA:43,0
DA:47,0
DA:65,0
DA:74,0
DA:103,0
DA:105,0
DA:106,0
DA:107,0
DA:108,0
DA:109,0
DA:110,0
DA:111,0
DA:112,0
DA:113,0
DA:114,0
DA:115,0
DA:116,0
DA:117,0
DA:119,0
DA:123,0
DA:126,0
DA:127,0
DA:131,0
DA:132,0
DA:136,0
DA:137,0
DA:141,0
LF:39
LH:0
BRDA:15,0,0,0
BRDA:15,0,1,0
BRDA:17,1,0,0
BRDA:17,1,1,0
BRDA:20,2,0,0
BRDA:20,2,1,0
BRDA:29,3,0,0
BRDA:29,3,1,0
BRDA:31,4,0,0
BRDA:31,4,1,0
BRDA:32,5,0,0
BRDA:32,5,1,0
BRDA:32,5,2,0
BRDA:32,5,3,0
BRDA:55,6,0,0
BRDA:55,6,1,0
BRDA:56,7,0,0
BRDA:56,7,1,0
BRDA:66,8,0,0
BRDA:66,8,1,0
BRDA:67,9,0,0
BRDA:67,9,1,0
BRDA:68,10,0,0
BRDA:68,10,1,0
BRDA:78,11,0,0
BRDA:78,11,1,0
BRDA:79,12,0,0
BRDA:79,12,1,0
BRDA:80,13,0,0
BRDA:80,13,1,0
BRDA:81,14,0,0
BRDA:81,14,1,0
BRDA:83,15,0,0
BRDA:83,15,1,0
BRDA:84,16,0,0
BRDA:84,16,1,0
BRDA:85,17,0,0
BRDA:85,17,1,0
BRDA:88,18,0,0
BRDA:88,18,1,0
BRDA:89,19,0,0
BRDA:89,19,1,0
BRDA:90,20,0,0
BRDA:90,20,1,0
BRDA:91,21,0,0
BRDA:91,21,1,0
BRDA:92,22,0,0
BRDA:92,22,1,0
BRDA:98,23,0,0
BRDA:98,23,1,0
BRDA:105,24,0,0
BRDA:105,24,1,0
BRDA:106,25,0,0
BRDA:106,25,1,0
BRDA:107,26,0,0
BRDA:107,26,1,0
BRDA:108,27,0,0
BRDA:108,27,1,0
BRDA:109,28,0,0
BRDA:109,28,1,0
BRDA:110,29,0,0
BRDA:110,29,1,0
BRDA:111,30,0,0
BRDA:111,30,1,0
BRDA:112,31,0,0
BRDA:112,31,1,0
BRDA:113,32,0,0
BRDA:113,32,1,0
BRDA:114,33,0,0
BRDA:114,33,1,0
BRDA:115,34,0,0
BRDA:115,34,1,0
BRDA:116,35,0,0
BRDA:116,35,1,0
BRDA:117,36,0,0
BRDA:117,36,1,0
BRDA:123,37,0,0
BRDA:123,37,1,0
BRDA:126,38,0,0
BRDA:126,38,1,0
BRDA:126,39,0,0
BRDA:126,39,1,0
BRDA:131,40,0,0
BRDA:131,40,1,0
BRDA:136,41,0,0
BRDA:136,41,1,0
BRDA:136,42,0,0
BRDA:136,42,1,0
BRF:88
BRH:0
end_of_record
TN:
SF:src/data/auth/models.ts
FNF:0
FNH:0
DA:6,0
DA:17,0
DA:35,0
DA:42,0
LF:4
LH:0
BRF:0
BRH:0
end_of_record
TN:
SF:src/data/auth/validators.ts
FN:12,(anonymous_0)
FN:15,(anonymous_1)
FN:23,(anonymous_2)
FN:26,(anonymous_3)
FN:34,(anonymous_4)
FN:37,(anonymous_5)
FN:45,(anonymous_6)
FN:48,(anonymous_7)
FN:56,(anonymous_8)
FN:61,(anonymous_9)
FNF:10
FNH:0
FNDA:0,(anonymous_0)
FNDA:0,(anonymous_1)
FNDA:0,(anonymous_2)
FNDA:0,(anonymous_3)
FNDA:0,(anonymous_4)
FNDA:0,(anonymous_5)
FNDA:0,(anonymous_6)
FNDA:0,(anonymous_7)
FNDA:0,(anonymous_8)
FNDA:0,(anonymous_9)
DA:13,0
DA:14,0
DA:15,0
DA:16,0
DA:18,0
DA:20,0
DA:24,0
DA:25,0
DA:26,0
DA:27,0
DA:29,0
DA:31,0
DA:35,0
DA:36,0
DA:37,0
DA:38,0
DA:40,0
DA:42,0
DA:46,0
DA:47,0
DA:48,0
DA:49,0
DA:51,0
DA:53,0
DA:57,0
DA:58,0
DA:62,0
LF:27
LH:0
BRDA:14,0,0,0
BRDA:14,0,1,0
BRDA:25,1,0,0
BRDA:25,1,1,0
BRDA:36,2,0,0
BRDA:36,2,1,0
BRDA:47,3,0,0
BRDA:47,3,1,0
BRF:8
BRH:0
end_of_record
TN:
SF:src/data/datasources/FirebaseAuthDataSource.js
FN:23,(anonymous_0)
FN:46,(anonymous_1)
FN:69,(anonymous_2)
FN:96,(anonymous_3)
FN:123,(anonymous_4)
FN:150,(anonymous_5)
FN:177,(anonymous_6)
FN:189,(anonymous_7)
FN:201,(anonymous_8)
FN:208,(anonymous_9)
FN:215,(anonymous_10)
FN:239,(anonymous_11)
FN:258,(anonymous_12)
FNF:13
FNH:0
FNDA:0,(anonymous_0)
FNDA:0,(anonymous_1)
FNDA:0,(anonymous_2)
FNDA:0,(anonymous_3)
FNDA:0,(anonymous_4)
FNDA:0,(anonymous_5)
FNDA:0,(anonymous_6)
FNDA:0,(anonymous_7)
FNDA:0,(anonymous_8)
FNDA:0,(anonymous_9)
FNDA:0,(anonymous_10)
FNDA:0,(anonymous_11)
FNDA:0,(anonymous_12)
DA:24,0
DA:25,0
DA:27,0
DA:33,0
DA:35,0
DA:47,0
DA:48,0
DA:50,0
DA:56,0
DA:58,0
DA:70,0
DA:71,0
DA:72,0
DA:73,0
DA:75,0
DA:77,0
DA:83,0
DA:85,0
DA:97,0
DA:98,0
DA:99,0
DA:100,0
DA:102,0
DA:104,0
DA:110,0
DA:112,0
DA:124,0
DA:125,0
DA:126,0
DA:127,0
DA:129,0
DA:131,0
DA:137,0
DA:139,0
DA:151,0
DA:152,0
DA:153,0
DA:154,0
DA:156,0
DA:158,0
DA:164,0
DA:166,0
DA:178,0
DA:179,0
DA:181,0
DA:182,0
DA:190,0
DA:191,0
DA:193,0
DA:194,0
DA:202,0
DA:209,0
DA:216,0
DA:217,0
DA:218,0
DA:219,0
DA:222,0
DA:223,0
DA:225,0
DA:231,0
DA:232,0
DA:240,0
DA:241,0
DA:242,0
DA:243,0
DA:246,0
DA:247,0
DA:249,0
DA:250,0
DA:259,0
DA:272,0
DA:274,0
LF:72
LH:0
BRDA:218,0,0,0
BRDA:218,0,1,0
BRDA:226,1,0,0
BRDA:226,1,1,0
BRDA:227,2,0,0
BRDA:227,2,1,0
BRDA:242,3,0,0
BRDA:242,3,1,0
BRDA:272,4,0,0
BRDA:272,4,1,0
BRDA:272,4,2,0
BRF:11
BRH:0
end_of_record
TN:
SF:src/data/datasources/FirestoreAcademyDataSource.js
FN:10,(anonymous_0)
FN:18,(anonymous_1)
FN:54,(anonymous_2)
FN:72,(anonymous_3)
FN:89,(anonymous_4)
FN:116,(anonymous_5)
FN:141,(anonymous_6)
FN:157,(anonymous_7)
FNF:8
FNH:0
FNDA:0,(anonymous_0)
FNDA:0,(anonymous_1)
FNDA:0,(anonymous_2)
FNDA:0,(anonymous_3)
FNDA:0,(anonymous_4)
FNDA:0,(anonymous_5)
FNDA:0,(anonymous_6)
FNDA:0,(anonymous_7)
DA:11,0
DA:12,0
DA:19,0
DA:20,0
DA:23,0
DA:25,0
DA:26,0
DA:27,0
DA:29,0
DA:33,0
DA:34,0
DA:36,0
DA:37,0
DA:38,0
DA:40,0
DA:43,0
DA:44,0
DA:46,0
DA:47,0
DA:55,0
DA:56,0
DA:58,0
DA:61,0
DA:62,0
DA:65,0
DA:66,0
DA:69,0
DA:70,0
DA:72,0
DA:73,0
DA:74,0
DA:77,0
DA:79,0
DA:81,0
DA:82,0
DA:90,0
DA:91,0
DA:94,0
DA:97,0
DA:100,0
DA:102,0
DA:104,0
DA:106,0
DA:108,0
DA:109,0
DA:117,0
DA:118,0
DA:121,0
DA:126,0
DA:128,0
DA:131,0
DA:133,0
DA:134,0
DA:142,0
DA:143,0
DA:145,0
DA:147,0
DA:149,0
DA:150,0
DA:158,0
DA:159,0
DA:160,0
DA:161,0
DA:165,0
DA:166,0
DA:168,0
DA:169,0
LF:67
LH:0
BRDA:25,0,0,0
BRDA:25,0,1,0
BRDA:36,1,0,0
BRDA:36,1,1,0
BRDA:54,2,0,0
BRDA:61,3,0,0
BRDA:61,3,1,0
BRDA:65,4,0,0
BRDA:65,4,1,0
BRDA:94,5,0,0
BRDA:94,5,1,0
BRDA:160,6,0,0
BRDA:160,6,1,0
BRF:13
BRH:0
end_of_record
TN:
SF:src/data/models/AcademyModel.js
FN:11,(anonymous_0)
FN:35,(anonymous_1)
FN:54,(anonymous_2)
FN:71,(anonymous_3)
FN:95,(anonymous_4)
FNF:5
FNH:0
FNDA:0,(anonymous_0)
FNDA:0,(anonymous_1)
FNDA:0,(anonymous_2)
FNDA:0,(anonymous_3)
FNDA:0,(anonymous_4)
DA:12,0
DA:13,0
DA:16,0
DA:17,0
DA:36,0
DA:55,0
DA:58,0
DA:60,0
DA:72,0
DA:74,0
DA:75,0
DA:78,0
DA:79,0
DA:82,0
DA:83,0
DA:86,0
DA:96,0
LF:17
LH:0
BRDA:12,0,0,0
BRDA:12,0,1,0
BRDA:26,1,0,0
BRDA:26,1,1,0
BRDA:27,2,0,0
BRDA:27,2,1,0
BRDA:28,3,0,0
BRDA:28,3,1,0
BRDA:45,4,0,0
BRDA:45,4,1,0
BRDA:46,5,0,0
BRDA:46,5,1,0
BRDA:47,6,0,0
BRDA:47,6,1,0
BRDA:55,7,0,0
BRDA:55,7,1,0
BRDA:63,8,0,0
BRDA:63,8,1,0
BRDA:64,9,0,0
BRDA:64,9,1,0
BRDA:74,10,0,0
BRDA:74,10,1,0
BRDA:74,11,0,0
BRDA:74,11,1,0
BRDA:78,12,0,0
BRDA:78,12,1,0
BRDA:78,13,0,0
BRDA:78,13,1,0
BRDA:82,14,0,0
BRDA:82,14,1,0
BRDA:82,15,0,0
BRDA:82,15,1,0
BRF:32
BRH:0
end_of_record
TN:
SF:src/domain/auth/entities.ts
FNF:0
FNH:0
LF:0
LH:0
BRF:0
BRH:0
end_of_record
TN:
SF:src/domain/auth/errors.ts
FN:7,(anonymous_0)
FN:17,(anonymous_1)
FN:26,(anonymous_2)
FN:35,(anonymous_3)
FN:44,(anonymous_4)
FN:53,(anonymous_5)
FN:62,(anonymous_6)
FN:71,(anonymous_7)
FN:80,(anonymous_8)
FN:89,(anonymous_9)
FN:98,(anonymous_10)
FN:107,(anonymous_11)
FN:116,(anonymous_12)
FN:122,mapFirebaseError
FNF:14
FNH:0
FNDA:0,(anonymous_0)
FNDA:0,(anonymous_1)
FNDA:0,(anonymous_2)
FNDA:0,(anonymous_3)
FNDA:0,(anonymous_4)
FNDA:0,(anonymous_5)
FNDA:0,(anonymous_6)
FNDA:0,(anonymous_7)
FNDA:0,(anonymous_8)
FNDA:0,(anonymous_9)
FNDA:0,(anonymous_10)
FNDA:0,(anonymous_11)
FNDA:0,(anonymous_12)
FNDA:0,mapFirebaseError
DA:8,0
DA:9,0
DA:14,0
DA:15,0
DA:18,0
DA:23,0
DA:24,0
DA:27,0
DA:32,0
DA:33,0
DA:36,0
DA:41,0
DA:42,0
DA:45,0
DA:50,0
DA:51,0
DA:54,0
DA:59,0
DA:60,0
DA:63,0
DA:68,0
DA:69,0
DA:72,0
DA:77,0
DA:78,0
DA:81,0
DA:86,0
DA:87,0
DA:90,0
DA:95,0
DA:96,0
DA:99,0
DA:104,0
DA:105,0
DA:108,0
DA:113,0
DA:114,0
DA:117,0
DA:123,0
DA:125,0
DA:128,0
DA:130,0
DA:132,0
DA:134,0
DA:136,0
DA:138,0
DA:141,0
LF:47
LH:0
BRDA:123,0,0,0
BRDA:123,0,1,0
BRDA:123,0,2,0
BRDA:123,0,3,0
BRDA:123,0,4,0
BRDA:123,0,5,0
BRDA:123,0,6,0
BRDA:123,0,7,0
BRDA:123,0,8,0
BRF:9
BRH:0
end_of_record
TN:
SF:src/domain/auth/repositories.ts
FNF:0
FNH:0
LF:0
LH:0
BRF:0
BRH:0
end_of_record
TN:
SF:src/domain/auth/usecases/GetUserSession.ts
FN:9,(anonymous_0)
FN:13,(anonymous_1)
FNF:2
FNH:0
FNDA:0,(anonymous_0)
FNDA:0,(anonymous_1)
DA:10,0
DA:14,0
DA:16,0
DA:17,0
DA:18,0
DA:22,0
DA:28,0
DA:29,0
DA:30,0
DA:33,0
DA:41,0
DA:42,0
DA:44,0
LF:13
LH:0
BRDA:17,0,0,0
BRDA:17,0,1,0
BRDA:22,1,0,0
BRDA:22,1,1,0
BRDA:29,2,0,0
BRDA:29,2,1,0
BRDA:30,3,0,0
BRDA:30,3,1,0
BRDA:41,4,0,0
BRDA:41,4,1,0
BRF:10
BRH:0
end_of_record
TN:
SF:src/domain/auth/usecases/RefreshUserToken.ts
FN:9,(anonymous_0)
FN:13,(anonymous_1)
FNF:2
FNH:0
FNDA:0,(anonymous_0)
FNDA:0,(anonymous_1)
DA:10,0
DA:14,0
DA:15,0
DA:17,0
DA:18,0
DA:19,0
DA:22,0
DA:24,0
LF:8
LH:0
BRDA:18,0,0,0
BRDA:18,0,1,0
BRF:2
BRH:0
end_of_record
TN:
SF:src/domain/auth/usecases/SendPasswordResetEmail.ts
FN:9,(anonymous_0)
FN:13,(anonymous_1)
FNF:2
FNH:0
FNDA:0,(anonymous_0)
FNDA:0,(anonymous_1)
DA:10,0
DA:15,0
DA:17,0
DA:18,0
DA:20,0
LF:5
LH:0
BRF:0
BRH:0
end_of_record
TN:
SF:src/domain/auth/usecases/SignInWithEmail.ts
FN:10,(anonymous_0)
FN:14,(anonymous_1)
FNF:2
FNH:0
FNDA:0,(anonymous_0)
FNDA:0,(anonymous_1)
DA:11,0
DA:16,0
DA:18,0
DA:20,0
DA:26,0
DA:27,0
DA:28,0
DA:32,0
DA:38,0
DA:39,0
DA:40,0
DA:43,0
DA:51,0
DA:52,0
DA:54,0
LF:15
LH:0
BRDA:27,0,0,0
BRDA:27,0,1,0
BRDA:32,1,0,0
BRDA:32,1,1,0
BRDA:39,2,0,0
BRDA:39,2,1,0
BRDA:40,3,0,0
BRDA:40,3,1,0
BRDA:51,4,0,0
BRDA:51,4,1,0
BRF:10
BRH:0
end_of_record
TN:
SF:src/domain/auth/usecases/SignOut.ts
FN:8,(anonymous_0)
FN:12,(anonymous_1)
FNF:2
FNH:0
FNDA:0,(anonymous_0)
FNDA:0,(anonymous_1)
DA:9,0
DA:13,0
DA:14,0
DA:16,0
LF:4
LH:0
BRF:0
BRH:0
end_of_record
TN:
SF:src/domain/auth/usecases/SignUpWithEmail.ts
FN:10,(anonymous_0)
FN:14,(anonymous_1)
FNF:2
FNH:0
FNDA:0,(anonymous_0)
FNDA:0,(anonymous_1)
DA:11,0
DA:16,0
DA:18,0
DA:27,0
DA:29,0
DA:30,0
DA:39,0
DA:42,0
DA:57,0
DA:63,0
DA:70,0
LF:11
LH:0
BRDA:49,0,0,0
BRDA:49,0,1,0
BRF:2
BRH:0
end_of_record
TN:
SF:src/domain/auth/usecases/base.ts
FN:12,(anonymous_0)
FN:15,(anonymous_1)
FNF:2
FNH:0
FNDA:0,(anonymous_0)
FNDA:0,(anonymous_1)
DA:13,0
DA:14,0
DA:15,0
DA:16,0
DA:18,0
DA:20,0
LF:6
LH:0
BRDA:14,0,0,0
BRDA:14,0,1,0
BRF:2
BRH:0
end_of_record
TN:
SF:src/domain/auth/usecases/schemas.ts
FN:16,(anonymous_0)
FN:18,(anonymous_1)
FN:21,(anonymous_2)
FNF:3
FNH:0
FNDA:0,(anonymous_0)
FNDA:0,(anonymous_1)
FNDA:0,(anonymous_2)
DA:5,0
DA:10,0
DA:16,0
DA:18,0
DA:21,0
DA:26,0
DA:30,0
DA:34,0
LF:8
LH:0
BRF:0
BRH:0
end_of_record
TN:
SF:src/domain/data/GraduationRules.ts
FN:262,getGraduationRulesByModality
FN:263,(anonymous_1)
FN:269,getGraduationRule
FN:271,(anonymous_3)
FN:278,getAvailableModalities
FN:279,(anonymous_5)
FN:285,getBeltsForModality
FN:289,(anonymous_7)
FNF:8
FNH:0
FNDA:0,getGraduationRulesByModality
FNDA:0,(anonymous_1)
FNDA:0,getGraduationRule
FNDA:0,(anonymous_3)
FNDA:0,getAvailableModalities
FNDA:0,(anonymous_5)
FNDA:0,getBeltsForModality
FNDA:0,(anonymous_7)
DA:7,0
DA:263,0
DA:270,0
DA:271,0
DA:279,0
DA:286,0
DA:287,0
DA:289,0
DA:290,0
DA:291,0
DA:294,0
LF:11
LH:0
BRDA:271,0,0,0
BRDA:271,0,1,0
BRF:2
BRH:0
end_of_record
TN:
SF:src/domain/entities/Academy.ts
FN:33,(anonymous_0)
FN:62,(anonymous_1)
FN:69,(anonymous_2)
FN:70,(anonymous_3)
FN:84,(anonymous_4)
FNF:5
FNH:0
FNDA:0,(anonymous_0)
FNDA:0,(anonymous_1)
FNDA:0,(anonymous_2)
FNDA:0,(anonymous_3)
FNDA:0,(anonymous_4)
DA:46,0
DA:47,0
DA:48,0
DA:49,0
DA:50,0
DA:51,0
DA:52,0
DA:53,0
DA:54,0
DA:55,0
DA:56,0
DA:63,0
DA:70,0
DA:71,0
DA:72,0
DA:74,0
DA:77,0
DA:78,0
DA:85,0
LF:19
LH:0
BRDA:42,0,0,0
BRDA:55,1,0,0
BRDA:55,1,1,0
BRDA:56,2,0,0
BRDA:56,2,1,0
BRDA:72,3,0,0
BRDA:72,3,1,0
BRF:7
BRH:0
end_of_record
TN:
SF:src/domain/entities/AuthCredentials.ts
FN:14,(anonymous_0)
FN:22,(anonymous_1)
FN:29,(anonymous_2)
FN:54,(anonymous_3)
FN:64,(anonymous_4)
FN:71,(anonymous_5)
FNF:6
FNH:0
FNDA:0,(anonymous_0)
FNDA:0,(anonymous_1)
FNDA:0,(anonymous_2)
FNDA:0,(anonymous_3)
FNDA:0,(anonymous_4)
FNDA:0,(anonymous_5)
DA:15,0
DA:16,0
DA:23,0
DA:30,0
DA:55,0
DA:56,0
DA:57,0
DA:58,0
DA:65,0
DA:72,0
LF:10
LH:0
BRDA:23,0,0,0
BRDA:23,0,1,0
BRDA:23,0,2,0
BRDA:65,1,0,0
BRDA:65,1,1,0
BRDA:65,1,2,0
BRF:6
BRH:0
end_of_record
TN:
SF:src/domain/entities/GraduationAlert.ts
FNF:0
FNH:0
LF:0
LH:0
BRF:0
BRH:0
end_of_record
TN:
SF:src/domain/entities/Student.ts
FN:33,(anonymous_0)
FN:64,(anonymous_1)
FN:80,(anonymous_2)
FN:111,(anonymous_3)
FNF:4
FNH:0
FNDA:0,(anonymous_0)
FNDA:0,(anonymous_1)
FNDA:0,(anonymous_2)
FNDA:0,(anonymous_3)
DA:47,0
DA:48,0
DA:49,0
DA:50,0
DA:51,0
DA:52,0
DA:53,0
DA:54,0
DA:55,0
DA:56,0
DA:57,0
DA:58,0
DA:65,0
DA:66,0
DA:68,0
DA:69,0
DA:71,0
DA:72,0
DA:74,0
DA:81,0
DA:121,0
DA:122,0
DA:123,0
DA:124,0
DA:125,0
DA:126,0
DA:127,0
DA:128,0
LF:28
LH:0
BRDA:43,0,0,0
BRDA:44,1,0,0
BRDA:45,2,0,0
BRDA:65,3,0,0
BRDA:65,3,1,0
BRDA:65,4,0,0
BRDA:65,4,1,0
BRDA:68,5,0,0
BRDA:68,5,1,0
BRDA:68,6,0,0
BRDA:68,6,1,0
BRDA:71,7,0,0
BRDA:71,7,1,0
BRDA:118,8,0,0
BRDA:119,9,0,0
BRF:15
BRH:0
end_of_record
TN:
SF:src/domain/entities/UserType.ts
FN:17,(anonymous_0)
FN:24,(anonymous_1)
FN:31,(anonymous_2)
FN:32,(anonymous_3)
FN:44,(anonymous_4)
FN:51,(anonymous_5)
FN:58,(anonymous_6)
FNF:7
FNH:0
FNDA:0,(anonymous_0)
FNDA:0,(anonymous_1)
FNDA:0,(anonymous_2)
FNDA:0,(anonymous_3)
FNDA:0,(anonymous_4)
FNDA:0,(anonymous_5)
FNDA:0,(anonymous_6)
DA:18,0
DA:25,0
DA:32,0
DA:33,0
DA:38,0
DA:45,0
DA:52,0
DA:59,0
DA:79,0
LF:9
LH:0
BRDA:32,0,0,0
BRDA:32,0,1,0
BRDA:38,1,0,0
BRDA:38,1,1,0
BRDA:79,2,0,0
BRDA:79,2,1,0
BRF:6
BRH:0
end_of_record
TN:
SF:src/domain/repositories/AcademyRepository.ts
FNF:0
FNH:0
LF:0
LH:0
BRF:0
BRH:0
end_of_record
TN:
SF:src/domain/repositories/GraduationRepository.ts
FNF:0
FNH:0
LF:0
LH:0
BRF:0
BRH:0
end_of_record
TN:
SF:src/domain/repositories/StudentsRepository.ts
FNF:0
FNH:0
LF:0
LH:0
BRF:0
BRH:0
end_of_record
TN:
SF:src/domain/repositories/UserRepository.ts
FNF:0
FNH:0
LF:0
LH:0
BRF:0
BRH:0
end_of_record
TN:
SF:src/domain/services/GraduationCalculationService.ts
FN:16,(anonymous_0)
FN:23,(anonymous_1)
FN:66,(anonymous_2)
FN:68,(anonymous_3)
FN:69,(anonymous_4)
FN:75,(anonymous_5)
FN:77,(anonymous_6)
FN:84,(anonymous_7)
FN:93,(anonymous_8)
FN:102,(anonymous_9)
FN:117,(anonymous_10)
FN:124,(anonymous_11)
FN:132,(anonymous_12)
FN:140,(anonymous_13)
FN:141,(anonymous_14)
FN:143,(anonymous_15)
FN:145,(anonymous_16)
FNF:17
FNH:0
FNDA:0,(anonymous_0)
FNDA:0,(anonymous_1)
FNDA:0,(anonymous_2)
FNDA:0,(anonymous_3)
FNDA:0,(anonymous_4)
FNDA:0,(anonymous_5)
FNDA:0,(anonymous_6)
FNDA:0,(anonymous_7)
FNDA:0,(anonymous_8)
FNDA:0,(anonymous_9)
FNDA:0,(anonymous_10)
FNDA:0,(anonymous_11)
FNDA:0,(anonymous_12)
FNDA:0,(anonymous_13)
FNDA:0,(anonymous_14)
FNDA:0,(anonymous_15)
FNDA:0,(anonymous_16)
DA:17,0
DA:24,0
DA:25,0
DA:26,0
DA:29,0
DA:30,0
DA:31,0
DA:34,0
DA:35,0
DA:38,0
DA:43,0
DA:45,0
DA:67,0
DA:68,0
DA:69,0
DA:76,0
DA:77,0
DA:85,0
DA:86,0
DA:87,0
DA:94,0
DA:95,0
DA:96,0
DA:103,0
DA:104,0
DA:107,0
DA:108,0
DA:111,0
DA:118,0
DA:125,0
DA:126,0
DA:133,0
DA:134,0
DA:141,0
DA:142,0
DA:143,0
DA:145,0
DA:146,0
DA:149,0
DA:153,0
LF:40
LH:0
BRDA:25,0,0,0
BRDA:25,0,1,0
BRDA:34,1,0,0
BRDA:34,1,1,0
BRDA:34,2,0,0
BRDA:34,2,1,0
BRDA:34,2,2,0
BRDA:77,3,0,0
BRDA:77,3,1,0
BRDA:103,4,0,0
BRDA:103,4,1,0
BRDA:107,5,0,0
BRDA:107,5,1,0
BRDA:126,6,0,0
BRDA:126,6,1,0
BRDA:134,7,0,0
BRDA:134,7,1,0
BRDA:149,8,0,0
BRDA:149,8,1,0
BRF:19
BRH:0
end_of_record
TN:
SF:src/domain/services/GraduationNotificationService.ts
FN:29,(anonymous_0)
FN:38,(anonymous_1)
FN:58,(anonymous_2)
FN:72,(anonymous_3)
FN:91,(anonymous_4)
FN:103,(anonymous_5)
FN:122,(anonymous_6)
FN:132,(anonymous_7)
FN:136,(anonymous_8)
FN:154,(anonymous_9)
FN:158,(anonymous_10)
FN:172,(anonymous_11)
FN:179,(anonymous_12)
FN:188,(anonymous_13)
FN:194,(anonymous_14)
FN:202,(anonymous_15)
FN:219,(anonymous_16)
FN:221,(anonymous_17)
FN:230,(anonymous_18)
FN:231,(anonymous_19)
FN:240,(anonymous_20)
FN:257,(anonymous_21)
FN:262,(anonymous_22)
FN:263,(anonymous_23)
FN:268,(anonymous_24)
FN:278,(anonymous_25)
FN:284,(anonymous_26)
FN:293,(anonymous_27)
FN:312,(anonymous_28)
FN:354,(anonymous_29)
FNF:30
FNH:0
FNDA:0,(anonymous_0)
FNDA:0,(anonymous_1)
FNDA:0,(anonymous_2)
FNDA:0,(anonymous_3)
FNDA:0,(anonymous_4)
FNDA:0,(anonymous_5)
FNDA:0,(anonymous_6)
FNDA:0,(anonymous_7)
FNDA:0,(anonymous_8)
FNDA:0,(anonymous_9)
FNDA:0,(anonymous_10)
FNDA:0,(anonymous_11)
FNDA:0,(anonymous_12)
FNDA:0,(anonymous_13)
FNDA:0,(anonymous_14)
FNDA:0,(anonymous_15)
FNDA:0,(anonymous_16)
FNDA:0,(anonymous_17)
FNDA:0,(anonymous_18)
FNDA:0,(anonymous_19)
FNDA:0,(anonymous_20)
FNDA:0,(anonymous_21)
FNDA:0,(anonymous_22)
FNDA:0,(anonymous_23)
FNDA:0,(anonymous_24)
FNDA:0,(anonymous_25)
FNDA:0,(anonymous_26)
FNDA:0,(anonymous_27)
FNDA:0,(anonymous_28)
FNDA:0,(anonymous_29)
DA:24,0
DA:33,0
DA:38,0
DA:51,0
DA:52,0
DA:65,0
DA:67,0
DA:72,0
DA:84,0
DA:85,0
DA:98,0
DA:103,0
DA:115,0
DA:116,0
DA:127,0
DA:132,0
DA:136,0
DA:147,0
DA:148,0
DA:158,0
DA:160,0
DA:161,0
DA:165,0
DA:176,0
DA:179,0
DA:180,0
DA:181,0
DA:183,0
DA:184,0
DA:188,0
DA:189,0
DA:191,0
DA:194,0
DA:195,0
DA:196,0
DA:197,0
DA:202,0
DA:203,0
DA:204,0
DA:209,0
DA:213,0
DA:220,0
DA:222,0
DA:231,0
DA:232,0
DA:233,0
DA:241,0
DA:242,0
DA:244,0
DA:246,0
DA:247,0
DA:249,0
DA:250,0
DA:252,0
DA:253,0
DA:256,0
DA:257,0
DA:260,0
DA:262,0
DA:263,0
DA:268,0
DA:269,0
DA:272,0
DA:279,0
DA:280,0
DA:282,0
DA:283,0
DA:284,0
DA:287,0
DA:297,0
DA:299,0
DA:302,0
DA:305,0
DA:308,0
DA:313,0
DA:315,0
DA:317,0
DA:334,0
DA:350,0
DA:355,0
DA:357,0
DA:359,0
DA:362,0
DA:365,0
LF:84
LH:0
BRDA:160,0,0,0
BRDA:160,0,1,0
BRDA:165,1,0,0
BRDA:165,1,1,0
BRDA:180,2,0,0
BRDA:180,2,1,0
BRDA:191,3,0,0
BRDA:191,3,1,0
BRDA:195,4,0,0
BRDA:195,4,1,0
BRDA:203,5,0,0
BRDA:203,5,1,0
BRDA:222,6,0,0
BRDA:222,6,1,0
BRDA:232,7,0,0
BRDA:232,7,1,0
BRDA:240,8,0,0
BRDA:244,9,0,0
BRDA:244,9,1,0
BRDA:244,9,2,0
BRDA:269,10,0,0
BRDA:269,10,1,0
BRDA:278,11,0,0
BRDA:297,12,0,0
BRDA:297,12,1,0
BRDA:297,12,2,0
BRDA:297,12,3,0
BRDA:315,13,0,0
BRDA:315,13,1,0
BRDA:315,13,2,0
BRDA:357,14,0,0
BRDA:357,14,1,0
BRDA:357,14,2,0
BRF:33
BRH:0
end_of_record
TN:
SF:src/domain/students/entities.ts
FNF:0
FNH:0
LF:0
LH:0
BRF:0
BRH:0
end_of_record
TN:
SF:src/domain/students/repositories.ts
FNF:0
FNH:0
LF:0
LH:0
BRF:0
BRH:0
end_of_record
TN:
SF:src/domain/students/usecases/CreateStudent.ts
FN:41,(anonymous_0)
FN:45,(anonymous_1)
FNF:2
FNH:0
FNDA:0,(anonymous_0)
FNDA:0,(anonymous_1)
DA:8,0
DA:17,0
DA:23,0
DA:42,0
DA:47,0
DA:49,0
DA:50,0
DA:53,0
DA:54,0
DA:55,0
DA:59,0
DA:61,0
DA:62,0
DA:65,0
DA:66,0
LF:15
LH:0
BRDA:54,0,0,0
BRDA:54,0,1,0
BRF:2
BRH:0
end_of_record
TN:
SF:src/domain/students/usecases/GetStudents.ts
FN:24,(anonymous_0)
FN:28,(anonymous_1)
FNF:2
FNH:0
FNDA:0,(anonymous_0)
FNDA:0,(anonymous_1)
DA:8,0
DA:25,0
DA:30,0
DA:32,0
DA:33,0
DA:36,0
DA:37,0
DA:40,0
DA:41,0
DA:44,0
DA:45,0
DA:48,0
DA:49,0
DA:52,0
DA:53,0
DA:56,0
DA:57,0
DA:60,0
DA:61,0
DA:64,0
DA:65,0
DA:69,0
DA:72,0
DA:73,0
LF:24
LH:0
BRDA:36,0,0,0
BRDA:36,0,1,0
BRDA:40,1,0,0
BRDA:40,1,1,0
BRDA:44,2,0,0
BRDA:44,2,1,0
BRDA:48,3,0,0
BRDA:48,3,1,0
BRDA:52,4,0,0
BRDA:52,4,1,0
BRDA:56,5,0,0
BRDA:56,5,1,0
BRDA:60,6,0,0
BRDA:60,6,1,0
BRDA:64,7,0,0
BRDA:64,7,1,0
BRF:16
BRH:0
end_of_record
TN:
SF:src/domain/usecases/GraduationManagementUseCase.ts
FN:13,(anonymous_0)
FN:25,(anonymous_1)
FN:38,(anonymous_2)
FN:70,(anonymous_3)
FN:82,(anonymous_4)
FN:94,(anonymous_5)
FN:118,(anonymous_6)
FN:152,(anonymous_7)
FN:157,(anonymous_8)
FN:175,(anonymous_9)
FN:181,(anonymous_10)
FN:192,(anonymous_11)
FN:209,(anonymous_12)
FN:222,(anonymous_13)
FN:242,(anonymous_14)
FN:247,(anonymous_15)
FN:260,(anonymous_16)
FN:261,(anonymous_17)
FN:267,(anonymous_18)
FN:285,(anonymous_19)
FNF:20
FNH:0
FNDA:0,(anonymous_0)
FNDA:0,(anonymous_1)
FNDA:0,(anonymous_2)
FNDA:0,(anonymous_3)
FNDA:0,(anonymous_4)
FNDA:0,(anonymous_5)
FNDA:0,(anonymous_6)
FNDA:0,(anonymous_7)
FNDA:0,(anonymous_8)
FNDA:0,(anonymous_9)
FNDA:0,(anonymous_10)
FNDA:0,(anonymous_11)
FNDA:0,(anonymous_12)
FNDA:0,(anonymous_13)
FNDA:0,(anonymous_14)
FNDA:0,(anonymous_15)
FNDA:0,(anonymous_16)
FNDA:0,(anonymous_17)
FNDA:0,(anonymous_18)
FNDA:0,(anonymous_19)
DA:6,0
DA:17,0
DA:18,0
DA:19,0
DA:26,0
DA:28,0
DA:31,0
DA:34,0
DA:36,0
DA:37,0
DA:38,0
DA:41,0
DA:43,0
DA:52,0
DA:55,0
DA:56,0
DA:60,0
DA:62,0
DA:63,0
DA:71,0
DA:72,0
DA:74,0
DA:75,0
DA:83,0
DA:84,0
DA:86,0
DA:87,0
DA:101,0
DA:102,0
DA:108,0
DA:110,0
DA:111,0
DA:121,0
DA:123,0
DA:125,0
DA:126,0
DA:130,0
DA:136,0
DA:137,0
DA:144,0
DA:145,0
DA:153,0
DA:154,0
DA:156,0
DA:157,0
DA:160,0
DA:167,0
DA:168,0
DA:180,0
DA:181,0
DA:182,0
DA:184,0
DA:185,0
DA:191,0
DA:192,0
DA:195,0
DA:201,0
DA:202,0
DA:219,0
DA:220,0
DA:222,0
DA:232,0
DA:234,0
DA:235,0
DA:243,0
DA:244,0
DA:246,0
DA:247,0
DA:250,0
DA:252,0
DA:253,0
DA:261,0
DA:272,0
DA:274,0
DA:275,0
DA:278,0
DA:286,0
DA:287,0
DA:288,0
DA:289,0
DA:290,0
DA:291,0
LF:82
LH:0
BRDA:19,0,0,0
BRDA:19,0,1,0
BRDA:38,1,0,0
BRDA:38,1,1,0
BRDA:41,2,0,0
BRDA:41,2,1,0
BRDA:62,3,0,0
BRDA:62,3,1,0
BRDA:74,4,0,0
BRDA:74,4,1,0
BRDA:86,5,0,0
BRDA:86,5,1,0
BRDA:110,6,0,0
BRDA:110,6,1,0
BRDA:125,7,0,0
BRDA:125,7,1,0
BRDA:144,8,0,0
BRDA:144,8,1,0
BRDA:156,9,0,0
BRDA:156,9,1,0
BRDA:167,10,0,0
BRDA:167,10,1,0
BRDA:184,11,0,0
BRDA:184,11,1,0
BRDA:192,12,0,0
BRDA:192,12,1,0
BRDA:198,13,0,0
BRDA:198,13,1,0
BRDA:201,14,0,0
BRDA:201,14,1,0
BRDA:234,15,0,0
BRDA:234,15,1,0
BRDA:246,16,0,0
BRDA:246,16,1,0
BRDA:252,17,0,0
BRDA:252,17,1,0
BRDA:274,18,0,0
BRDA:274,18,1,0
BRDA:286,19,0,0
BRDA:286,19,1,0
BRDA:286,20,0,0
BRDA:286,20,1,0
BRDA:287,21,0,0
BRDA:287,21,1,0
BRDA:287,21,2,0
BRDA:289,22,0,0
BRDA:289,22,1,0
BRDA:290,23,0,0
BRDA:290,23,1,0
BRDA:291,24,0,0
BRDA:291,24,1,0
BRDA:291,24,2,0
BRDA:291,24,3,0
BRF:53
BRH:0
end_of_record
TN:
SF:src/features/auth/services/authService.js
FN:13,(anonymous_0)
FN:33,(anonymous_1)
FN:61,(anonymous_2)
FN:72,(anonymous_3)
FN:85,(anonymous_4)
FN:99,(anonymous_5)
FN:120,(anonymous_6)
FN:142,(anonymous_7)
FN:147,(anonymous_8)
FNF:9
FNH:0
FNDA:0,(anonymous_0)
FNDA:0,(anonymous_1)
FNDA:0,(anonymous_2)
FNDA:0,(anonymous_3)
FNDA:0,(anonymous_4)
FNDA:0,(anonymous_5)
FNDA:0,(anonymous_6)
FNDA:0,(anonymous_7)
FNDA:0,(anonymous_8)
DA:14,0
DA:15,0
DA:16,0
DA:19,0
DA:22,0
DA:23,0
DA:25,0
DA:27,0
DA:28,0
DA:34,0
DA:35,0
DA:36,0
DA:39,0
DA:47,0
DA:50,0
DA:51,0
DA:53,0
DA:55,0
DA:56,0
DA:62,0
DA:63,0
DA:64,0
DA:66,0
DA:67,0
DA:73,0
DA:74,0
DA:75,0
DA:76,0
DA:77,0
DA:79,0
DA:80,0
DA:86,0
DA:87,0
DA:88,0
DA:89,0
DA:91,0
DA:93,0
DA:94,0
DA:100,0
DA:101,0
DA:106,0
DA:109,0
DA:110,0
DA:112,0
DA:114,0
DA:115,0
DA:121,0
DA:132,0
DA:134,0
DA:143,0
DA:148,0
DA:149,0
LF:52
LH:0
BRDA:88,0,0,0
BRDA:88,0,1,0
BRDA:132,1,0,0
BRDA:132,1,1,0
BRDA:132,1,2,0
BRF:5
BRH:0
end_of_record
TN:
SF:src/infrastructure/di/DIContainer.js
FN:6,(anonymous_0)
FN:14,(anonymous_1)
FN:27,(anonymous_2)
FN:40,(anonymous_3)
FN:57,(anonymous_4)
FN:64,(anonymous_5)
FN:73,(anonymous_6)
FN:81,(anonymous_7)
FN:90,(anonymous_8)
FN:99,(anonymous_9)
FNF:10
FNH:0
FNDA:0,(anonymous_0)
FNDA:0,(anonymous_1)
FNDA:0,(anonymous_2)
FNDA:0,(anonymous_3)
FNDA:0,(anonymous_4)
FNDA:0,(anonymous_5)
FNDA:0,(anonymous_6)
FNDA:0,(anonymous_7)
FNDA:0,(anonymous_8)
FNDA:0,(anonymous_9)
DA:7,0
DA:8,0
DA:15,0
DA:21,0
DA:28,0
DA:30,0
DA:31,0
DA:35,0
DA:36,0
DA:40,0
DA:43,0
DA:46,0
DA:47,0
DA:50,0
DA:51,0
DA:58,0
DA:65,0
DA:66,0
DA:67,0
DA:74,0
DA:75,0
DA:82,0
DA:83,0
DA:84,0
DA:91,0
DA:92,0
DA:93,0
DA:100,0
DA:101,0
DA:103,0
DA:110,0
DA:115,0
LF:32
LH:0
BRDA:14,0,0,0
BRDA:18,1,0,0
BRDA:18,1,1,0
BRDA:30,2,0,0
BRDA:30,2,1,0
BRDA:35,3,0,0
BRDA:35,3,1,0
BRDA:35,4,0,0
BRDA:35,4,1,0
BRDA:46,5,0,0
BRDA:46,5,1,0
BRF:11
BRH:0
end_of_record
TN:
SF:src/infrastructure/firebase/FirebaseAdapter.js
FN:8,(anonymous_0)
FN:16,(anonymous_1)
FN:23,(anonymous_2)
FN:30,(anonymous_3)
FN:37,(anonymous_4)
FN:48,(anonymous_5)
FN:55,(anonymous_6)
FN:62,(anonymous_7)
FN:69,(anonymous_8)
FN:76,(anonymous_9)
FN:83,(anonymous_10)
FNF:11
FNH:0
FNDA:0,(anonymous_0)
FNDA:0,(anonymous_1)
FNDA:0,(anonymous_2)
FNDA:0,(anonymous_3)
FNDA:0,(anonymous_4)
FNDA:0,(anonymous_5)
FNDA:0,(anonymous_6)
FNDA:0,(anonymous_7)
FNDA:0,(anonymous_8)
FNDA:0,(anonymous_9)
FNDA:0,(anonymous_10)
DA:9,0
DA:10,0
DA:17,0
DA:24,0
DA:31,0
DA:38,0
DA:49,0
DA:56,0
DA:63,0
DA:70,0
DA:77,0
DA:84,0
LF:12
LH:0
BRDA:31,0,0,0
BRDA:31,0,1,0
BRDA:41,1,0,0
BRDA:41,1,1,0
BRDA:63,2,0,0
BRDA:63,2,1,0
BRDA:70,3,0,0
BRDA:70,3,1,0
BRDA:77,4,0,0
BRDA:77,4,1,0
BRDA:87,5,0,0
BRDA:87,5,1,0
BRF:12
BRH:0
end_of_record
TN:
SF:src/infrastructure/firebase/app.ts
FN:33,(anonymous_0)
FN:35,(anonymous_1)
FN:42,(anonymous_2)
FN:70,(anonymous_3)
FN:77,(anonymous_4)
FN:81,(anonymous_5)
FN:85,(anonymous_6)
FNF:7
FNH:4
FNDA:1,(anonymous_0)
FNDA:1,(anonymous_1)
FNDA:1,(anonymous_2)
FNDA:4,(anonymous_3)
FNDA:0,(anonymous_4)
FNDA:0,(anonymous_5)
FNDA:0,(anonymous_6)
DA:7,1
DA:10,1
DA:30,1
DA:31,1
DA:36,1
DA:37,1
DA:39,1
DA:43,1
DA:44,0
DA:47,1
DA:48,1
DA:49,1
DA:50,1
DA:57,1
DA:58,1
DA:60,1
DA:61,1
DA:63,0
DA:64,0
DA:65,0
DA:66,0
DA:71,4
DA:72,1
DA:74,3
DA:78,0
DA:82,0
DA:86,0
DA:91,1
LF:28
LH:20
BRDA:11,0,0,1
BRDA:11,0,1,1
BRDA:11,0,2,1
BRDA:12,1,0,1
BRDA:12,1,1,1
BRDA:12,1,2,1
BRDA:13,2,0,1
BRDA:13,2,1,1
BRDA:13,2,2,1
BRDA:14,3,0,1
BRDA:14,3,1,1
BRDA:14,3,2,1
BRDA:15,4,0,1
BRDA:15,4,1,1
BRDA:15,4,2,1
BRDA:16,5,0,1
BRDA:16,5,1,1
BRDA:16,5,2,1
BRDA:36,6,0,1
BRDA:36,6,1,0
BRDA:43,7,0,0
BRDA:43,7,1,1
BRDA:43,8,0,1
BRDA:43,8,1,0
BRDA:49,9,0,0
BRDA:49,9,1,1
BRDA:51,10,0,1
BRDA:51,10,1,0
BRDA:51,11,0,1
BRDA:51,11,1,1
BRDA:52,12,0,1
BRDA:52,12,1,1
BRDA:53,13,0,1
BRDA:53,13,1,1
BRDA:54,14,0,1
BRDA:54,14,1,1
BRDA:57,15,0,1
BRDA:57,15,1,1
BRDA:65,16,0,0
BRDA:65,16,1,0
BRDA:71,17,0,1
BRDA:71,17,1,3
BRDA:71,18,0,4
BRDA:71,18,1,3
BRDA:78,19,0,0
BRDA:78,19,1,0
BRDA:86,20,0,0
BRDA:86,20,1,0
BRF:48
BRH:37
end_of_record
TN:
SF:src/infrastructure/firebase/auth.ts
FN:13,(anonymous_0)
FN:15,(anonymous_1)
FN:22,(anonymous_2)
FN:56,(anonymous_3)
FN:63,(anonymous_4)
FN:67,(anonymous_5)
FN:72,(anonymous_6)
FN:75,(anonymous_7)
FN:81,(anonymous_8)
FNF:9
FNH:4
FNDA:1,(anonymous_0)
FNDA:1,(anonymous_1)
FNDA:1,(anonymous_2)
FNDA:1,(anonymous_3)
FNDA:0,(anonymous_4)
FNDA:0,(anonymous_5)
FNDA:0,(anonymous_6)
FNDA:0,(anonymous_7)
FNDA:0,(anonymous_8)
DA:6,1
DA:10,1
DA:11,1
DA:16,1
DA:17,1
DA:19,1
DA:23,1
DA:24,0
DA:27,1
DA:28,1
DA:31,1
DA:34,1
DA:35,1
DA:38,1
DA:39,1
DA:40,1
DA:41,1
DA:44,0
DA:48,1
DA:49,1
DA:51,0
DA:52,0
DA:57,1
DA:58,1
DA:60,0
DA:64,0
DA:68,0
DA:69,0
DA:73,0
DA:75,0
DA:76,0
DA:77,0
DA:78,0
DA:81,0
DA:82,0
DA:83,0
DA:90,1
LF:37
LH:21
BRDA:6,0,0,1
BRDA:6,0,1,0
BRDA:16,1,0,1
BRDA:16,1,1,0
BRDA:23,2,0,0
BRDA:23,2,1,1
BRDA:23,3,0,1
BRDA:23,3,1,0
BRDA:38,4,0,1
BRDA:38,4,1,0
BRDA:38,5,0,1
BRDA:38,5,1,1
BRDA:44,6,0,0
BRDA:44,6,1,0
BRDA:57,7,0,1
BRDA:57,7,1,0
BRDA:57,8,0,1
BRDA:57,8,1,0
BRDA:64,9,0,0
BRDA:64,9,1,0
BRDA:76,10,0,0
BRDA:76,10,1,0
BRF:22
BRH:9
end_of_record
TN:
SF:src/infrastructure/firebase/firestore.ts
FN:15,(anonymous_0)
FN:17,(anonymous_1)
FN:24,(anonymous_2)
FN:76,(anonymous_3)
FN:83,(anonymous_4)
FN:88,(anonymous_5)
FN:92,(anonymous_6)
FN:96,(anonymous_7)
FN:101,(anonymous_8)
FNF:9
FNH:4
FNDA:1,(anonymous_0)
FNDA:1,(anonymous_1)
FNDA:1,(anonymous_2)
FNDA:3,(anonymous_3)
FNDA:0,(anonymous_4)
FNDA:0,(anonymous_5)
FNDA:0,(anonymous_6)
FNDA:0,(anonymous_7)
FNDA:0,(anonymous_8)
DA:7,1
DA:8,1
DA:12,1
DA:13,1
DA:18,1
DA:19,1
DA:21,1
DA:25,1
DA:26,0
DA:29,1
DA:30,1
DA:33,1
DA:36,1
DA:38,0
DA:43,0
DA:46,1
DA:49,1
DA:52,1
DA:55,1
DA:56,1
DA:57,1
DA:58,1
DA:61,0
DA:65,1
DA:67,1
DA:69,0
DA:70,0
DA:71,0
DA:72,0
DA:77,3
DA:78,1
DA:80,2
DA:84,0
DA:89,0
DA:93,0
DA:97,0
DA:102,0
DA:113,1
LF:38
LH:25
BRDA:8,0,0,1
BRDA:8,0,1,0
BRDA:18,1,0,1
BRDA:18,1,1,0
BRDA:25,2,0,0
BRDA:25,2,1,1
BRDA:25,3,0,1
BRDA:25,3,1,0
BRDA:36,4,0,0
BRDA:36,4,1,1
BRDA:55,5,0,1
BRDA:55,5,1,0
BRDA:55,6,0,1
BRDA:55,6,1,1
BRDA:61,7,0,0
BRDA:61,7,1,0
BRDA:71,8,0,0
BRDA:71,8,1,0
BRDA:77,9,0,1
BRDA:77,9,1,2
BRDA:77,10,0,3
BRDA:77,10,1,2
BRDA:84,11,0,0
BRDA:84,11,1,0
BRDA:107,12,0,0
BRDA:107,12,1,0
BRF:26
BRH:12
end_of_record
TN:
SF:src/infrastructure/firebase/storage.ts
FN:11,(anonymous_0)
FN:13,(anonymous_1)
FN:20,(anonymous_2)
FN:43,(anonymous_3)
FN:50,(anonymous_4)
FNF:5
FNH:4
FNDA:1,(anonymous_0)
FNDA:1,(anonymous_1)
FNDA:1,(anonymous_2)
FNDA:1,(anonymous_3)
FNDA:0,(anonymous_4)
DA:8,1
DA:9,1
DA:14,1
DA:15,1
DA:17,1
DA:21,1
DA:22,0
DA:25,1
DA:26,1
DA:29,1
DA:32,1
DA:33,1
DA:35,1
DA:36,1
DA:38,0
DA:39,0
DA:44,1
DA:45,1
DA:47,0
DA:51,0
DA:56,1
LF:21
LH:16
BRDA:14,0,0,1
BRDA:14,0,1,0
BRDA:21,1,0,0
BRDA:21,1,1,1
BRDA:21,2,0,1
BRDA:21,2,1,0
BRDA:44,3,0,1
BRDA:44,3,1,0
BRDA:44,4,0,1
BRDA:44,4,1,0
BRDA:51,5,0,0
BRDA:51,5,1,0
BRF:12
BRH:5
end_of_record
TN:
SF:src/infrastructure/network/NetworkAdapter.js
FN:6,(anonymous_0)
FN:18,(anonymous_1)
FN:38,(anonymous_2)
FN:74,(anonymous_3)
FN:81,(anonymous_4)
FN:88,(anonymous_5)
FN:95,(anonymous_6)
FN:102,(anonymous_7)
FN:109,(anonymous_8)
FN:129,(anonymous_9)
FN:137,(anonymous_10)
FN:145,(anonymous_11)
FN:153,(anonymous_12)
FN:161,(anonymous_13)
FN:169,(anonymous_14)
FNF:15
FNH:0
FNDA:0,(anonymous_0)
FNDA:0,(anonymous_1)
FNDA:0,(anonymous_2)
FNDA:0,(anonymous_3)
FNDA:0,(anonymous_4)
FNDA:0,(anonymous_5)
FNDA:0,(anonymous_6)
FNDA:0,(anonymous_7)
FNDA:0,(anonymous_8)
FNDA:0,(anonymous_9)
FNDA:0,(anonymous_10)
FNDA:0,(anonymous_11)
FNDA:0,(anonymous_12)
FNDA:0,(anonymous_13)
FNDA:0,(anonymous_14)
DA:7,0
DA:8,0
DA:9,0
DA:19,0
DA:20,0
DA:22,0
DA:29,0
DA:30,0
DA:35,0
DA:37,0
DA:38,0
DA:39,0
DA:41,0
DA:42,0
DA:44,0
DA:45,0
DA:49,0
DA:50,0
DA:51,0
DA:52,0
DA:53,0
DA:56,0
DA:57,0
DA:58,0
DA:61,0
DA:63,0
DA:64,0
DA:67,0
DA:75,0
DA:82,0
DA:89,0
DA:96,0
DA:103,0
DA:110,0
DA:112,0
DA:118,0
DA:119,0
DA:121,0
DA:122,0
DA:130,0
DA:131,0
DA:138,0
DA:139,0
DA:146,0
DA:147,0
DA:154,0
DA:155,0
DA:162,0
DA:163,0
DA:170,0
LF:50
LH:0
BRDA:6,0,0,0
BRDA:7,1,0,0
BRDA:7,1,1,0
BRDA:8,2,0,0
BRDA:8,2,1,0
BRDA:18,3,0,0
BRDA:20,4,0,0
BRDA:20,4,1,0
BRDA:29,5,0,0
BRDA:29,5,1,0
BRDA:29,6,0,0
BRDA:29,6,1,0
BRDA:29,6,2,0
BRDA:30,7,0,0
BRDA:30,7,1,0
BRDA:44,8,0,0
BRDA:44,8,1,0
BRDA:50,9,0,0
BRDA:50,9,1,0
BRDA:50,10,0,0
BRDA:50,10,1,0
BRDA:63,11,0,0
BRDA:63,11,1,0
BRDA:74,12,0,0
BRDA:81,13,0,0
BRDA:88,14,0,0
BRDA:95,15,0,0
BRDA:102,16,0,0
BRF:28
BRH:0
end_of_record
TN:
SF:src/infrastructure/repositories/FirebaseGraduationRepository.ts
FN:38,(anonymous_0)
FN:46,(anonymous_1)
FN:59,(anonymous_2)
FN:68,(anonymous_3)
FN:81,(anonymous_4)
FN:90,(anonymous_5)
FN:103,(anonymous_6)
FN:127,(anonymous_7)
FN:165,(anonymous_8)
FN:174,(anonymous_9)
FN:177,(anonymous_10)
FN:183,(anonymous_11)
FN:190,(anonymous_12)
FN:196,(anonymous_13)
FN:205,(anonymous_14)
FN:235,(anonymous_15)
FN:254,(anonymous_16)
FN:262,(anonymous_17)
FN:274,(anonymous_18)
FN:283,(anonymous_19)
FN:295,(anonymous_20)
FN:307,(anonymous_21)
FN:319,(anonymous_22)
FN:342,(anonymous_23)
FN:375,(anonymous_24)
FN:384,(anonymous_25)
FN:405,(anonymous_26)
FN:424,(anonymous_27)
FN:437,(anonymous_28)
FN:449,(anonymous_29)
FN:458,(anonymous_30)
FN:472,(anonymous_31)
FN:488,(anonymous_32)
FN:491,(anonymous_33)
FN:511,(anonymous_34)
FN:519,(anonymous_35)
FN:544,(anonymous_36)
FN:554,(anonymous_37)
FNF:38
FNH:0
FNDA:0,(anonymous_0)
FNDA:0,(anonymous_1)
FNDA:0,(anonymous_2)
FNDA:0,(anonymous_3)
FNDA:0,(anonymous_4)
FNDA:0,(anonymous_5)
FNDA:0,(anonymous_6)
FNDA:0,(anonymous_7)
FNDA:0,(anonymous_8)
FNDA:0,(anonymous_9)
FNDA:0,(anonymous_10)
FNDA:0,(anonymous_11)
FNDA:0,(anonymous_12)
FNDA:0,(anonymous_13)
FNDA:0,(anonymous_14)
FNDA:0,(anonymous_15)
FNDA:0,(anonymous_16)
FNDA:0,(anonymous_17)
FNDA:0,(anonymous_18)
FNDA:0,(anonymous_19)
FNDA:0,(anonymous_20)
FNDA:0,(anonymous_21)
FNDA:0,(anonymous_22)
FNDA:0,(anonymous_23)
FNDA:0,(anonymous_24)
FNDA:0,(anonymous_25)
FNDA:0,(anonymous_26)
FNDA:0,(anonymous_27)
FNDA:0,(anonymous_28)
FNDA:0,(anonymous_29)
FNDA:0,(anonymous_30)
FNDA:0,(anonymous_31)
FNDA:0,(anonymous_32)
FNDA:0,(anonymous_33)
FNDA:0,(anonymous_34)
FNDA:0,(anonymous_35)
FNDA:0,(anonymous_36)
FNDA:0,(anonymous_37)
DA:29,0
DA:30,0
DA:33,0
DA:34,0
DA:35,0
DA:39,0
DA:40,0
DA:44,0
DA:46,0
DA:55,0
DA:60,0
DA:61,0
DA:66,0
DA:68,0
DA:77,0
DA:82,0
DA:83,0
DA:88,0
DA:90,0
DA:99,0
DA:104,0
DA:105,0
DA:106,0
DA:114,0
DA:116,0
DA:123,0
DA:128,0
DA:129,0
DA:130,0
DA:136,0
DA:137,0
DA:139,0
DA:140,0
DA:143,0
DA:145,0
DA:146,0
DA:148,0
DA:149,0
DA:152,0
DA:161,0
DA:166,0
DA:167,0
DA:169,0
DA:175,0
DA:176,0
DA:177,0
DA:179,0
DA:184,0
DA:185,0
DA:189,0
DA:190,0
DA:192,0
DA:197,0
DA:198,0
DA:199,0
DA:201,0
DA:206,0
DA:207,0
DA:213,0
DA:215,0
DA:216,0
DA:219,0
DA:220,0
DA:222,0
DA:223,0
DA:225,0
DA:226,0
DA:229,0
DA:231,0
DA:236,0
DA:237,0
DA:243,0
DA:245,0
DA:246,0
DA:249,0
DA:255,0
DA:256,0
DA:260,0
DA:262,0
DA:270,0
DA:275,0
DA:276,0
DA:281,0
DA:283,0
DA:291,0
DA:296,0
DA:297,0
DA:298,0
DA:305,0
DA:307,0
DA:315,0
DA:320,0
DA:321,0
DA:322,0
DA:329,0
DA:331,0
DA:338,0
DA:343,0
DA:344,0
DA:345,0
DA:350,0
DA:351,0
DA:354,0
DA:356,0
DA:357,0
DA:359,0
DA:360,0
DA:363,0
DA:371,0
DA:376,0
DA:377,0
DA:379,0
DA:385,0
DA:386,0
DA:392,0
DA:394,0
DA:401,0
DA:406,0
DA:407,0
DA:413,0
DA:414,0
DA:422,0
DA:424,0
DA:433,0
DA:438,0
DA:439,0
DA:440,0
DA:445,0
DA:450,0
DA:451,0
DA:456,0
DA:458,0
DA:467,0
DA:473,0
DA:474,0
DA:475,0
DA:477,0
DA:485,0
DA:486,0
DA:488,0
DA:489,0
DA:490,0
DA:491,0
DA:492,0
DA:504,0
DA:506,0
DA:507,0
DA:512,0
DA:513,0
DA:514,0
DA:516,0
DA:519,0
DA:520,0
DA:521,0
DA:530,0
DA:531,0
DA:532,0
DA:533,0
DA:537,0
DA:540,0
DA:544,0
DA:545,0
DA:546,0
DA:547,0
DA:548,0
DA:554,0
DA:561,0
DA:563,0
DA:564,0
LF:169
LH:0
BRDA:55,0,0,0
BRDA:55,0,1,0
BRDA:77,1,0,0
BRDA:77,1,1,0
BRDA:99,2,0,0
BRDA:99,2,1,0
BRDA:123,3,0,0
BRDA:123,3,1,0
BRDA:136,4,0,0
BRDA:136,4,1,0
BRDA:139,5,0,0
BRDA:139,5,1,0
BRDA:148,6,0,0
BRDA:148,6,1,0
BRDA:161,7,0,0
BRDA:161,7,1,0
BRDA:169,8,0,0
BRDA:169,8,1,0
BRDA:179,9,0,0
BRDA:179,9,1,0
BRDA:192,10,0,0
BRDA:192,10,1,0
BRDA:201,11,0,0
BRDA:201,11,1,0
BRDA:215,12,0,0
BRDA:215,12,1,0
BRDA:225,13,0,0
BRDA:225,13,1,0
BRDA:231,14,0,0
BRDA:231,14,1,0
BRDA:245,15,0,0
BRDA:245,15,1,0
BRDA:249,16,0,0
BRDA:249,16,1,0
BRDA:270,17,0,0
BRDA:270,17,1,0
BRDA:291,18,0,0
BRDA:291,18,1,0
BRDA:315,19,0,0
BRDA:315,19,1,0
BRDA:338,20,0,0
BRDA:338,20,1,0
BRDA:350,21,0,0
BRDA:350,21,1,0
BRDA:359,22,0,0
BRDA:359,22,1,0
BRDA:371,23,0,0
BRDA:371,23,1,0
BRDA:379,24,0,0
BRDA:379,24,1,0
BRDA:401,25,0,0
BRDA:401,25,1,0
BRDA:413,26,0,0
BRDA:413,26,1,0
BRDA:433,27,0,0
BRDA:433,27,1,0
BRDA:445,28,0,0
BRDA:445,28,1,0
BRDA:467,29,0,0
BRDA:467,29,1,0
BRDA:490,30,0,0
BRDA:490,30,1,0
BRDA:495,31,0,0
BRDA:495,31,1,0
BRDA:520,32,0,0
BRDA:520,32,1,0
BRDA:532,33,0,0
BRDA:532,33,1,0
BRDA:545,34,0,0
BRDA:545,34,1,0
BRDA:547,35,0,0
BRDA:547,35,1,0
BRDA:547,36,0,0
BRDA:547,36,1,0
BRDA:556,37,0,0
BRDA:556,37,1,0
BRF:76
BRH:0
end_of_record
TN:
SF:src/infrastructure/services/FCMService.ts
FN:14,(anonymous_0)
FN:16,(anonymous_1)
FN:26,(anonymous_2)
FN:49,(anonymous_3)
FN:63,(anonymous_4)
FN:82,(anonymous_5)
FN:104,(anonymous_6)
FN:119,(anonymous_7)
FN:120,(anonymous_8)
FN:131,(anonymous_9)
FN:138,(anonymous_10)
FN:142,(anonymous_11)
FN:150,(anonymous_12)
FN:157,(anonymous_13)
FN:163,(anonymous_14)
FN:176,(anonymous_15)
FN:189,(anonymous_16)
FNF:17
FNH:0
FNDA:0,(anonymous_0)
FNDA:0,(anonymous_1)
FNDA:0,(anonymous_2)
FNDA:0,(anonymous_3)
FNDA:0,(anonymous_4)
FNDA:0,(anonymous_5)
FNDA:0,(anonymous_6)
FNDA:0,(anonymous_7)
FNDA:0,(anonymous_8)
FNDA:0,(anonymous_9)
FNDA:0,(anonymous_10)
FNDA:0,(anonymous_11)
FNDA:0,(anonymous_12)
FNDA:0,(anonymous_13)
FNDA:0,(anonymous_14)
FNDA:0,(anonymous_15)
FNDA:0,(anonymous_16)
DA:17,0
DA:18,0
DA:20,0
DA:27,0
DA:28,0
DA:30,0
DA:33,0
DA:34,0
DA:36,0
DA:39,0
DA:41,0
DA:42,0
DA:50,0
DA:51,0
DA:52,0
DA:53,0
DA:55,0
DA:56,0
DA:64,0
DA:65,0
DA:66,0
DA:71,0
DA:73,0
DA:74,0
DA:83,0
DA:85,0
DA:87,0
DA:88,0
DA:89,0
DA:93,0
DA:95,0
DA:96,0
DA:97,0
DA:101,0
DA:104,0
DA:105,0
DA:106,0
DA:109,0
DA:111,0
DA:112,0
DA:120,0
DA:121,0
DA:122,0
DA:125,0
DA:132,0
DA:142,0
DA:143,0
DA:144,0
DA:148,0
DA:151,0
DA:152,0
DA:153,0
DA:157,0
DA:164,0
DA:165,0
DA:166,0
DA:168,0
DA:169,0
DA:177,0
DA:178,0
DA:179,0
DA:181,0
DA:182,0
DA:190,0
DA:191,0
DA:194,0
DA:195,0
DA:199,0
DA:201,0
DA:202,0
LF:70
LH:0
BRDA:17,0,0,0
BRDA:17,0,1,0
BRDA:30,1,0,0
BRDA:30,1,1,0
BRDA:33,2,0,0
BRDA:33,2,1,0
BRDA:87,3,0,0
BRDA:87,3,1,0
BRDA:95,4,0,0
BRDA:95,4,1,0
BRDA:151,5,0,0
BRDA:151,5,1,0
BRF:12
BRH:0
end_of_record
TN:
SF:src/infrastructure/services/academyCollectionsService.js
FN:22,(anonymous_0)
FN:32,(anonymous_1)
FN:42,(anonymous_2)
FN:47,(anonymous_3)
FN:60,(anonymous_4)
FN:79,(anonymous_5)
FN:95,(anonymous_6)
FN:108,(anonymous_7)
FN:113,(anonymous_8)
FN:126,(anonymous_9)
FN:145,(anonymous_10)
FN:161,(anonymous_11)
FN:174,(anonymous_12)
FN:180,(anonymous_13)
FN:193,(anonymous_14)
FN:212,(anonymous_15)
FN:228,(anonymous_16)
FN:241,(anonymous_17)
FN:246,(anonymous_18)
FN:259,(anonymous_19)
FN:278,(anonymous_20)
FN:294,(anonymous_21)
FN:307,(anonymous_22)
FN:312,(anonymous_23)
FN:325,(anonymous_24)
FN:344,(anonymous_25)
FN:360,(anonymous_26)
FNF:27
FNH:0
FNDA:0,(anonymous_0)
FNDA:0,(anonymous_1)
FNDA:0,(anonymous_2)
FNDA:0,(anonymous_3)
FNDA:0,(anonymous_4)
FNDA:0,(anonymous_5)
FNDA:0,(anonymous_6)
FNDA:0,(anonymous_7)
FNDA:0,(anonymous_8)
FNDA:0,(anonymous_9)
FNDA:0,(anonymous_10)
FNDA:0,(anonymous_11)
FNDA:0,(anonymous_12)
FNDA:0,(anonymous_13)
FNDA:0,(anonymous_14)
FNDA:0,(anonymous_15)
FNDA:0,(anonymous_16)
FNDA:0,(anonymous_17)
FNDA:0,(anonymous_18)
FNDA:0,(anonymous_19)
FNDA:0,(anonymous_20)
FNDA:0,(anonymous_21)
FNDA:0,(anonymous_22)
FNDA:0,(anonymous_23)
FNDA:0,(anonymous_24)
FNDA:0,(anonymous_25)
FNDA:0,(anonymous_26)
DA:23,0
DA:24,0
DA:26,0
DA:33,0
DA:34,0
DA:36,0
DA:43,0
DA:44,0
DA:45,0
DA:47,0
DA:52,0
DA:53,0
DA:61,0
DA:62,0
DA:63,0
DA:69,0
DA:71,0
DA:72,0
DA:80,0
DA:81,0
DA:82,0
DA:87,0
DA:88,0
DA:96,0
DA:97,0
DA:98,0
DA:100,0
DA:101,0
DA:109,0
DA:110,0
DA:111,0
DA:113,0
DA:118,0
DA:119,0
DA:127,0
DA:128,0
DA:129,0
DA:135,0
DA:137,0
DA:138,0
DA:146,0
DA:147,0
DA:148,0
DA:153,0
DA:154,0
DA:162,0
DA:163,0
DA:164,0
DA:166,0
DA:167,0
DA:175,0
DA:176,0
DA:177,0
DA:178,0
DA:180,0
DA:185,0
DA:186,0
DA:194,0
DA:195,0
DA:196,0
DA:202,0
DA:204,0
DA:205,0
DA:213,0
DA:214,0
DA:215,0
DA:220,0
DA:221,0
DA:229,0
DA:230,0
DA:231,0
DA:233,0
DA:234,0
DA:242,0
DA:243,0
DA:244,0
DA:246,0
DA:251,0
DA:252,0
DA:260,0
DA:261,0
DA:262,0
DA:268,0
DA:270,0
DA:271,0
DA:279,0
DA:280,0
DA:281,0
DA:286,0
DA:287,0
DA:295,0
DA:296,0
DA:297,0
DA:299,0
DA:300,0
DA:308,0
DA:309,0
DA:310,0
DA:312,0
DA:317,0
DA:318,0
DA:326,0
DA:327,0
DA:328,0
DA:334,0
DA:336,0
DA:337,0
DA:345,0
DA:346,0
DA:347,0
DA:352,0
DA:353,0
DA:361,0
DA:362,0
DA:363,0
DA:365,0
DA:366,0
DA:372,0
LF:118
LH:0
BRDA:23,0,0,0
BRDA:23,0,1,0
BRDA:33,1,0,0
BRDA:33,1,1,0
BRF:4
BRH:0
end_of_record
TN:
SF:src/infrastructure/services/academyEvaluationService.js
FN:7,(anonymous_0)
FN:39,(anonymous_1)
FN:48,(anonymous_2)
FN:89,(anonymous_3)
FN:94,(anonymous_4)
FN:104,(anonymous_5)
FN:139,(anonymous_6)
FN:170,(anonymous_7)
FN:237,(anonymous_8)
FN:268,(anonymous_9)
FN:296,(anonymous_10)
FN:303,(anonymous_11)
FN:312,(anonymous_12)
FN:313,(anonymous_13)
FN:315,(anonymous_14)
FN:316,(anonymous_15)
FN:343,(anonymous_16)
FN:346,(anonymous_17)
FN:347,(anonymous_18)
FN:356,(anonymous_19)
FN:357,(anonymous_20)
FN:362,(anonymous_21)
FN:365,(anonymous_22)
FN:371,(anonymous_23)
FN:377,(anonymous_24)
FN:383,(anonymous_25)
FN:408,(anonymous_26)
FN:411,(anonymous_27)
FN:428,(anonymous_28)
FN:467,(anonymous_29)
FNF:30
FNH:0
FNDA:0,(anonymous_0)
FNDA:0,(anonymous_1)
FNDA:0,(anonymous_2)
FNDA:0,(anonymous_3)
FNDA:0,(anonymous_4)
FNDA:0,(anonymous_5)
FNDA:0,(anonymous_6)
FNDA:0,(anonymous_7)
FNDA:0,(anonymous_8)
FNDA:0,(anonymous_9)
FNDA:0,(anonymous_10)
FNDA:0,(anonymous_11)
FNDA:0,(anonymous_12)
FNDA:0,(anonymous_13)
FNDA:0,(anonymous_14)
FNDA:0,(anonymous_15)
FNDA:0,(anonymous_16)
FNDA:0,(anonymous_17)
FNDA:0,(anonymous_18)
FNDA:0,(anonymous_19)
FNDA:0,(anonymous_20)
FNDA:0,(anonymous_21)
FNDA:0,(anonymous_22)
FNDA:0,(anonymous_23)
FNDA:0,(anonymous_24)
FNDA:0,(anonymous_25)
FNDA:0,(anonymous_26)
FNDA:0,(anonymous_27)
FNDA:0,(anonymous_28)
FNDA:0,(anonymous_29)
DA:8,0
DA:16,0
DA:40,0
DA:41,0
DA:42,0
DA:44,0
DA:49,0
DA:50,0
DA:52,0
DA:67,0
DA:70,0
DA:73,0
DA:76,0
DA:77,0
DA:80,0
DA:81,0
DA:83,0
DA:84,0
DA:90,0
DA:91,0
DA:92,0
DA:94,0
DA:95,0
DA:96,0
DA:97,0
DA:100,0
DA:105,0
DA:106,0
DA:108,0
DA:112,0
DA:113,0
DA:116,0
DA:117,0
DA:120,0
DA:121,0
DA:124,0
DA:131,0
DA:133,0
DA:134,0
DA:140,0
DA:141,0
DA:143,0
DA:147,0
DA:148,0
DA:151,0
DA:152,0
DA:155,0
DA:162,0
DA:164,0
DA:165,0
DA:171,0
DA:172,0
DA:175,0
DA:176,0
DA:178,0
DA:179,0
DA:182,0
DA:183,0
DA:184,0
DA:186,0
DA:187,0
DA:190,0
DA:193,0
DA:204,0
DA:207,0
DA:212,0
DA:221,0
DA:228,0
DA:229,0
DA:231,0
DA:232,0
DA:238,0
DA:239,0
DA:243,0
DA:247,0
DA:257,0
DA:263,0
DA:269,0
DA:270,0
DA:272,0
DA:273,0
DA:278,0
DA:294,0
DA:296,0
DA:297,0
DA:300,0
DA:303,0
DA:311,0
DA:312,0
DA:313,0
DA:315,0
DA:316,0
DA:318,0
DA:319,0
DA:320,0
DA:321,0
DA:326,0
DA:329,0
DA:330,0
DA:331,0
DA:332,0
DA:335,0
DA:337,0
DA:338,0
DA:344,0
DA:346,0
DA:347,0
DA:348,0
DA:349,0
DA:351,0
DA:355,0
DA:356,0
DA:357,0
DA:361,0
DA:362,0
DA:365,0
DA:371,0
DA:377,0
DA:378,0
DA:384,0
DA:385,0
DA:387,0
DA:389,0
DA:390,0
DA:391,0
DA:393,0
DA:408,0
DA:410,0
DA:411,0
DA:414,0
DA:422,0
DA:423,0
DA:429,0
DA:430,0
DA:432,0
DA:441,0
DA:444,0
DA:447,0
DA:458,0
DA:459,0
DA:461,0
DA:462,0
DA:468,0
DA:469,0
DA:470,0
DA:472,0
DA:473,0
LF:147
LH:0
BRDA:41,0,0,0
BRDA:41,0,1,0
BRDA:60,1,0,0
BRDA:60,1,1,0
BRDA:61,2,0,0
BRDA:61,2,1,0
BRDA:62,3,0,0
BRDA:62,3,1,0
BRDA:63,4,0,0
BRDA:63,4,1,0
BRDA:64,5,0,0
BRDA:64,5,1,0
BRDA:76,6,0,0
BRDA:76,6,1,0
BRDA:76,7,0,0
BRDA:76,7,1,0
BRDA:90,8,0,0
BRDA:90,8,1,0
BRDA:95,9,0,0
BRDA:95,9,1,0
BRDA:100,10,0,0
BRDA:100,10,1,0
BRDA:104,11,0,0
BRDA:112,12,0,0
BRDA:112,12,1,0
BRDA:116,13,0,0
BRDA:116,13,1,0
BRDA:120,14,0,0
BRDA:120,14,1,0
BRDA:139,15,0,0
BRDA:147,16,0,0
BRDA:147,16,1,0
BRDA:151,17,0,0
BRDA:151,17,1,0
BRDA:178,18,0,0
BRDA:178,18,1,0
BRDA:178,19,0,0
BRDA:178,19,1,0
BRDA:182,20,0,0
BRDA:182,20,1,0
BRDA:183,21,0,0
BRDA:183,21,1,0
BRDA:186,22,0,0
BRDA:186,22,1,0
BRDA:186,23,0,0
BRDA:186,23,1,0
BRDA:239,24,0,0
BRDA:239,24,1,0
BRDA:243,25,0,0
BRDA:243,25,1,0
BRDA:243,26,0,0
BRDA:243,26,1,0
BRDA:294,27,0,0
BRDA:294,27,1,0
BRDA:311,28,0,0
BRDA:311,28,1,0
BRDA:318,29,0,0
BRDA:318,29,1,0
BRDA:320,30,0,0
BRDA:320,30,1,0
BRDA:348,31,0,0
BRDA:348,31,1,0
BRDA:410,32,0,0
BRDA:410,32,1,0
BRF:64
BRH:0
end_of_record
TN:
SF:src/infrastructure/services/academyFirestoreService.js
FN:60,validateAcademiaId
FN:69,getCollectionRef
FN:85,getDocumentRef
FN:110,(anonymous_3)
FN:135,(anonymous_4)
FN:166,(anonymous_5)
FN:172,(anonymous_6)
FN:190,(anonymous_7)
FN:208,(anonymous_8)
FN:209,(anonymous_9)
FN:227,(anonymous_10)
FN:235,(anonymous_11)
FN:237,(anonymous_12)
FN:255,(anonymous_13)
FN:285,(anonymous_14)
FN:313,(anonymous_15)
FN:319,(anonymous_16)
FN:335,(anonymous_17)
FN:355,(anonymous_18)
FN:365,(anonymous_19)
FN:381,(anonymous_20)
FN:399,(anonymous_21)
FN:417,(anonymous_22)
FN:451,(anonymous_23)
FN:457,(anonymous_24)
FN:464,(anonymous_25)
FN:465,(anonymous_26)
FN:482,(anonymous_27)
FN:490,(anonymous_28)
FN:497,(anonymous_29)
FN:509,(anonymous_30)
FN:516,(anonymous_31)
FN:542,(anonymous_32)
FN:543,(anonymous_33)
FN:551,(anonymous_34)
FN:563,(anonymous_35)
FN:585,(anonymous_36)
FN:592,(anonymous_37)
FN:598,(anonymous_38)
FN:610,(anonymous_39)
FN:615,(anonymous_40)
FN:635,(anonymous_41)
FN:653,(anonymous_42)
FN:658,(anonymous_43)
FN:666,(anonymous_44)
FN:671,(anonymous_45)
FN:676,(anonymous_46)
FN:684,(anonymous_47)
FN:699,(anonymous_48)
FN:714,(anonymous_49)
FN:728,(anonymous_50)
FN:739,(anonymous_51)
FN:752,(anonymous_52)
FN:757,(anonymous_53)
FN:760,(anonymous_54)
FN:770,(anonymous_55)
FN:779,(anonymous_56)
FNF:57
FNH:0
FNDA:0,validateAcademiaId
FNDA:0,getCollectionRef
FNDA:0,getDocumentRef
FNDA:0,(anonymous_3)
FNDA:0,(anonymous_4)
FNDA:0,(anonymous_5)
FNDA:0,(anonymous_6)
FNDA:0,(anonymous_7)
FNDA:0,(anonymous_8)
FNDA:0,(anonymous_9)
FNDA:0,(anonymous_10)
FNDA:0,(anonymous_11)
FNDA:0,(anonymous_12)
FNDA:0,(anonymous_13)
FNDA:0,(anonymous_14)
FNDA:0,(anonymous_15)
FNDA:0,(anonymous_16)
FNDA:0,(anonymous_17)
FNDA:0,(anonymous_18)
FNDA:0,(anonymous_19)
FNDA:0,(anonymous_20)
FNDA:0,(anonymous_21)
FNDA:0,(anonymous_22)
FNDA:0,(anonymous_23)
FNDA:0,(anonymous_24)
FNDA:0,(anonymous_25)
FNDA:0,(anonymous_26)
FNDA:0,(anonymous_27)
FNDA:0,(anonymous_28)
FNDA:0,(anonymous_29)
FNDA:0,(anonymous_30)
FNDA:0,(anonymous_31)
FNDA:0,(anonymous_32)
FNDA:0,(anonymous_33)
FNDA:0,(anonymous_34)
FNDA:0,(anonymous_35)
FNDA:0,(anonymous_36)
FNDA:0,(anonymous_37)
FNDA:0,(anonymous_38)
FNDA:0,(anonymous_39)
FNDA:0,(anonymous_40)
FNDA:0,(anonymous_41)
FNDA:0,(anonymous_42)
FNDA:0,(anonymous_43)
FNDA:0,(anonymous_44)
FNDA:0,(anonymous_45)
FNDA:0,(anonymous_46)
FNDA:0,(anonymous_47)
FNDA:0,(anonymous_48)
FNDA:0,(anonymous_49)
FNDA:0,(anonymous_50)
FNDA:0,(anonymous_51)
FNDA:0,(anonymous_52)
FNDA:0,(anonymous_53)
FNDA:0,(anonymous_54)
FNDA:0,(anonymous_55)
FNDA:0,(anonymous_56)
DA:23,1
DA:45,1
DA:51,1
DA:61,0
DA:62,0
DA:70,0
DA:71,0
DA:72,0
DA:75,0
DA:76,0
DA:79,0
DA:86,0
DA:87,0
DA:88,0
DA:91,0
DA:92,0
DA:95,0
DA:102,1
DA:111,0
DA:112,0
DA:114,0
DA:121,0
DA:122,0
DA:124,0
DA:125,0
DA:136,0
DA:137,0
DA:138,0
DA:140,0
DA:141,0
DA:144,0
DA:145,0
DA:146,0
DA:149,0
DA:151,0
DA:154,0
DA:155,0
DA:167,0
DA:168,0
DA:169,0
DA:170,0
DA:172,0
DA:177,0
DA:178,0
DA:191,0
DA:193,0
DA:194,0
DA:195,0
DA:198,0
DA:199,0
DA:200,0
DA:203,0
DA:204,0
DA:205,0
DA:208,0
DA:209,0
DA:210,0
DA:211,0
DA:212,0
DA:215,0
DA:216,0
DA:228,0
DA:229,0
DA:231,0
DA:232,0
DA:233,0
DA:235,0
DA:237,0
DA:238,0
DA:239,0
DA:240,0
DA:243,0
DA:244,0
DA:256,0
DA:257,0
DA:260,0
DA:261,0
DA:262,0
DA:263,0
DA:267,0
DA:272,0
DA:274,0
DA:275,0
DA:286,0
DA:287,0
DA:290,0
DA:291,0
DA:292,0
DA:293,0
DA:297,0
DA:298,0
DA:300,0
DA:301,0
DA:314,0
DA:315,0
DA:318,0
DA:319,0
DA:320,0
DA:325,0
DA:326,0
DA:330,0
DA:331,0
DA:334,0
DA:335,0
DA:340,0
DA:341,0
DA:356,0
DA:357,0
DA:360,0
DA:361,0
DA:364,0
DA:365,0
DA:366,0
DA:371,0
DA:372,0
DA:376,0
DA:377,0
DA:380,0
DA:381,0
DA:386,0
DA:387,0
DA:400,0
DA:401,0
DA:403,0
DA:406,0
DA:407,0
DA:408,0
DA:410,0
DA:411,0
DA:414,0
DA:415,0
DA:416,0
DA:417,0
DA:418,0
DA:421,0
DA:424,0
DA:426,0
DA:427,0
DA:428,0
DA:430,0
DA:436,0
DA:438,0
DA:439,0
DA:440,0
DA:452,0
DA:453,0
DA:456,0
DA:457,0
DA:458,0
DA:462,0
DA:464,0
DA:465,0
DA:469,0
DA:472,0
DA:473,0
DA:483,0
DA:491,0
DA:496,1
DA:498,0
DA:500,0
DA:503,0
DA:504,0
DA:506,0
DA:510,0
DA:512,0
DA:515,0
DA:516,0
DA:518,0
DA:520,0
DA:523,0
DA:524,0
DA:525,0
DA:526,0
DA:528,0
DA:531,0
DA:532,0
DA:533,0
DA:534,0
DA:535,0
DA:537,0
DA:542,0
DA:543,0
DA:546,0
DA:547,0
DA:552,0
DA:555,0
DA:562,1
DA:564,0
DA:566,0
DA:573,0
DA:574,0
DA:575,0
DA:579,0
DA:580,0
DA:581,0
DA:584,0
DA:585,0
DA:586,0
DA:589,0
DA:590,0
DA:591,0
DA:592,0
DA:593,0
DA:597,0
DA:598,0
DA:599,0
DA:600,0
DA:601,0
DA:605,0
DA:606,0
DA:607,0
DA:611,0
DA:612,0
DA:616,0
DA:618,0
DA:626,0
DA:636,0
DA:639,0
DA:648,0
DA:652,1
DA:654,0
DA:655,0
DA:659,0
DA:660,0
DA:667,0
DA:669,0
DA:670,0
DA:671,0
DA:675,1
DA:677,0
DA:679,0
DA:680,0
DA:681,0
DA:683,0
DA:686,0
DA:689,0
DA:692,0
DA:693,0
DA:697,0
DA:701,0
DA:702,0
DA:704,0
DA:705,0
DA:706,0
DA:709,0
DA:710,0
DA:715,0
DA:717,0
DA:718,0
DA:723,0
DA:724,0
DA:729,0
DA:731,0
DA:732,0
DA:734,0
DA:735,0
DA:740,0
DA:742,0
DA:743,0
DA:745,0
DA:746,0
DA:751,1
DA:753,0
DA:755,0
DA:756,0
DA:757,0
DA:761,0
DA:763,0
DA:771,0
DA:773,0
DA:778,1
DA:780,0
DA:781,0
DA:790,0
LF:274
LH:10
BRDA:60,0,0,0
BRDA:61,1,0,0
BRDA:61,1,1,0
BRDA:61,2,0,0
BRDA:61,2,1,0
BRDA:69,3,0,0
BRDA:70,4,0,0
BRDA:70,4,1,0
BRDA:75,5,0,0
BRDA:75,5,1,0
BRDA:85,6,0,0
BRDA:86,7,0,0
BRDA:86,7,1,0
BRDA:91,8,0,0
BRDA:91,8,1,0
BRDA:110,9,0,0
BRDA:116,10,0,0
BRDA:116,10,1,0
BRDA:121,11,0,0
BRDA:121,11,1,0
BRDA:135,12,0,0
BRDA:140,13,0,0
BRDA:140,13,1,0
BRDA:144,14,0,0
BRDA:144,14,1,0
BRDA:144,15,0,0
BRDA:144,15,1,0
BRDA:166,16,0,0
BRDA:166,17,0,0
BRDA:166,18,0,0
BRDA:190,19,0,0
BRDA:193,20,0,0
BRDA:193,20,1,0
BRDA:193,21,0,0
BRDA:193,21,1,0
BRDA:198,22,0,0
BRDA:198,22,1,0
BRDA:198,23,0,0
BRDA:198,23,1,0
BRDA:210,24,0,0
BRDA:210,24,1,0
BRDA:210,25,0,0
BRDA:210,25,1,0
BRDA:211,26,0,0
BRDA:211,26,1,0
BRDA:211,27,0,0
BRDA:211,27,1,0
BRDA:227,28,0,0
BRDA:229,29,0,0
BRDA:229,29,1,0
BRDA:229,30,0,0
BRDA:229,30,1,0
BRDA:238,31,0,0
BRDA:238,31,1,0
BRDA:238,32,0,0
BRDA:238,32,1,0
BRDA:239,33,0,0
BRDA:239,33,1,0
BRDA:239,34,0,0
BRDA:239,34,1,0
BRDA:255,35,0,0
BRDA:260,36,0,0
BRDA:260,36,1,0
BRDA:262,37,0,0
BRDA:262,37,1,0
BRDA:262,38,0,0
BRDA:262,38,1,0
BRDA:272,39,0,0
BRDA:272,39,1,0
BRDA:285,40,0,0
BRDA:290,41,0,0
BRDA:290,41,1,0
BRDA:292,42,0,0
BRDA:292,42,1,0
BRDA:292,43,0,0
BRDA:292,43,1,0
BRDA:298,44,0,0
BRDA:298,44,1,0
BRDA:313,45,0,0
BRDA:313,46,0,0
BRDA:313,47,0,0
BRDA:313,48,0,0
BRDA:318,49,0,0
BRDA:318,49,1,0
BRDA:318,50,0,0
BRDA:318,50,1,0
BRDA:325,51,0,0
BRDA:325,51,1,0
BRDA:326,52,0,0
BRDA:326,52,1,0
BRDA:330,53,0,0
BRDA:330,53,1,0
BRDA:355,54,0,0
BRDA:355,55,0,0
BRDA:355,56,0,0
BRDA:364,57,0,0
BRDA:364,57,1,0
BRDA:371,58,0,0
BRDA:371,58,1,0
BRDA:376,59,0,0
BRDA:376,59,1,0
BRDA:410,60,0,0
BRDA:410,60,1,0
BRDA:451,61,0,0
BRDA:451,62,0,0
BRDA:456,63,0,0
BRDA:456,63,1,0
BRDA:482,64,0,0
BRDA:516,65,0,0
BRDA:516,65,1,0
BRDA:520,66,0,0
BRDA:520,66,1,0
BRDA:563,67,0,0
BRDA:573,68,0,0
BRDA:573,68,1,0
BRDA:581,69,0,0
BRDA:581,69,1,0
BRDA:586,70,0,0
BRDA:586,70,1,0
BRDA:590,71,0,0
BRDA:590,71,1,0
BRDA:593,72,0,0
BRDA:593,72,1,0
BRDA:598,73,0,0
BRDA:598,73,1,0
BRDA:598,74,0,0
BRDA:598,74,1,0
BRDA:598,75,0,0
BRDA:598,75,1,0
BRDA:599,76,0,0
BRDA:599,76,1,0
BRDA:599,77,0,0
BRDA:599,77,1,0
BRDA:599,77,2,0
BRDA:676,78,0,0
BRDA:686,79,0,0
BRDA:686,79,1,0
BRDA:689,80,0,0
BRDA:689,80,1,0
BRDA:692,81,0,0
BRDA:692,81,1,0
BRDA:692,82,0,0
BRDA:692,82,1,0
BRDA:697,83,0,0
BRDA:697,83,1,0
BRDA:701,84,0,0
BRDA:701,84,1,0
BRDA:701,85,0,0
BRDA:701,85,1,0
BRDA:702,86,0,0
BRDA:702,86,1,0
BRDA:704,87,0,0
BRDA:704,87,1,0
BRDA:704,88,0,0
BRDA:704,88,1,0
BRDA:705,89,0,0
BRDA:705,89,1,0
BRDA:705,90,0,0
BRDA:705,90,1,0
BRDA:779,91,0,0
BRF:160
BRH:0
end_of_record
TN:
SF:src/infrastructure/services/academyInitializationService.js
FN:81,(anonymous_0)
FN:134,(anonymous_1)
FNF:2
FNH:0
FNDA:0,(anonymous_0)
FNDA:0,(anonymous_1)
DA:6,0
DA:30,0
DA:57,0
DA:81,0
DA:82,0
DA:83,0
DA:86,0
DA:87,0
DA:88,0
DA:94,0
DA:98,0
DA:99,0
DA:100,0
DA:106,0
DA:110,0
DA:111,0
DA:112,0
DA:118,0
DA:121,0
DA:124,0
DA:125,0
DA:134,0
DA:135,0
DA:136,0
DA:139,0
DA:159,0
DA:160,0
DA:166,0
DA:169,0
DA:172,0
DA:173,0
LF:31
LH:0
BRF:0
BRH:0
end_of_record
TN:
SF:src/infrastructure/services/academyPaymentService.js
FN:7,(anonymous_0)
FN:26,(anonymous_1)
FN:35,(anonymous_2)
FN:69,(anonymous_3)
FN:76,(anonymous_4)
FN:106,(anonymous_5)
FN:108,(anonymous_6)
FN:138,(anonymous_7)
FN:145,(anonymous_8)
FN:184,(anonymous_9)
FN:205,(anonymous_10)
FN:240,(anonymous_11)
FN:257,(anonymous_12)
FN:287,(anonymous_13)
FN:317,(anonymous_14)
FN:352,(anonymous_15)
FN:391,(anonymous_16)
FN:401,(anonymous_17)
FN:402,(anonymous_18)
FN:403,(anonymous_19)
FN:404,(anonymous_20)
FN:405,(anonymous_21)
FN:405,(anonymous_22)
FN:406,(anonymous_23)
FN:406,(anonymous_24)
FN:407,(anonymous_25)
FN:407,(anonymous_26)
FN:421,(anonymous_27)
FNF:28
FNH:0
FNDA:0,(anonymous_0)
FNDA:0,(anonymous_1)
FNDA:0,(anonymous_2)
FNDA:0,(anonymous_3)
FNDA:0,(anonymous_4)
FNDA:0,(anonymous_5)
FNDA:0,(anonymous_6)
FNDA:0,(anonymous_7)
FNDA:0,(anonymous_8)
FNDA:0,(anonymous_9)
FNDA:0,(anonymous_10)
FNDA:0,(anonymous_11)
FNDA:0,(anonymous_12)
FNDA:0,(anonymous_13)
FNDA:0,(anonymous_14)
FNDA:0,(anonymous_15)
FNDA:0,(anonymous_16)
FNDA:0,(anonymous_17)
FNDA:0,(anonymous_18)
FNDA:0,(anonymous_19)
FNDA:0,(anonymous_20)
FNDA:0,(anonymous_21)
FNDA:0,(anonymous_22)
FNDA:0,(anonymous_23)
FNDA:0,(anonymous_24)
FNDA:0,(anonymous_25)
FNDA:0,(anonymous_26)
FNDA:0,(anonymous_27)
DA:8,0
DA:16,0
DA:27,0
DA:28,0
DA:29,0
DA:31,0
DA:36,0
DA:37,0
DA:39,0
DA:53,0
DA:56,0
DA:59,0
DA:61,0
DA:63,0
DA:64,0
DA:71,0
DA:72,0
DA:77,0
DA:78,0
DA:81,0
DA:83,0
DA:84,0
DA:91,0
DA:97,0
DA:100,0
DA:101,0
DA:108,0
DA:111,0
DA:112,0
DA:115,0
DA:116,0
DA:119,0
DA:120,0
DA:124,0
DA:126,0
DA:127,0
DA:133,0
DA:139,0
DA:140,0
DA:141,0
DA:146,0
DA:147,0
DA:149,0
DA:157,0
DA:160,0
DA:163,0
DA:174,0
DA:176,0
DA:178,0
DA:179,0
DA:185,0
DA:186,0
DA:188,0
DA:195,0
DA:197,0
DA:199,0
DA:200,0
DA:206,0
DA:207,0
DA:209,0
DA:213,0
DA:214,0
DA:217,0
DA:218,0
DA:221,0
DA:222,0
DA:225,0
DA:232,0
DA:234,0
DA:235,0
DA:241,0
DA:242,0
DA:244,0
DA:245,0
DA:247,0
DA:257,0
DA:258,0
DA:263,0
DA:266,0
DA:267,0
DA:278,0
DA:279,0
DA:281,0
DA:282,0
DA:288,0
DA:289,0
DA:291,0
DA:300,0
DA:317,0
DA:318,0
DA:321,0
DA:323,0
DA:325,0
DA:326,0
DA:328,0
DA:329,0
DA:331,0
DA:332,0
DA:336,0
DA:337,0
DA:338,0
DA:340,0
DA:341,0
DA:344,0
DA:346,0
DA:347,0
DA:353,0
DA:354,0
DA:356,0
DA:357,0
DA:360,0
DA:361,0
DA:363,0
DA:364,0
DA:367,0
DA:378,0
DA:379,0
DA:382,0
DA:383,0
DA:385,0
DA:386,0
DA:392,0
DA:393,0
DA:395,0
DA:397,0
DA:401,0
DA:402,0
DA:403,0
DA:404,0
DA:405,0
DA:406,0
DA:407,0
DA:411,0
DA:413,0
DA:415,0
DA:416,0
DA:422,0
DA:423,0
DA:424,0
DA:426,0
DA:427,0
LF:141
LH:0
BRDA:28,0,0,0
BRDA:28,0,1,0
BRDA:83,1,0,0
BRDA:83,1,1,0
BRDA:111,2,0,0
BRDA:111,2,1,0
BRDA:111,3,0,0
BRDA:111,3,1,0
BRDA:115,4,0,0
BRDA:115,4,1,0
BRDA:115,5,0,0
BRDA:115,5,1,0
BRDA:119,6,0,0
BRDA:119,6,1,0
BRDA:119,7,0,0
BRDA:119,7,1,0
BRDA:126,8,0,0
BRDA:126,8,1,0
BRDA:151,9,0,0
BRDA:151,9,1,0
BRDA:205,10,0,0
BRDA:213,11,0,0
BRDA:213,11,1,0
BRDA:217,12,0,0
BRDA:217,12,1,0
BRDA:221,13,0,0
BRDA:221,13,1,0
BRDA:323,14,0,0
BRDA:323,14,1,0
BRDA:323,14,2,0
BRDA:336,15,0,0
BRDA:336,15,1,0
BRDA:337,16,0,0
BRDA:337,16,1,0
BRDA:352,17,0,0
BRDA:363,18,0,0
BRDA:363,18,1,0
BRDA:411,19,0,0
BRDA:411,19,1,0
BRF:39
BRH:0
end_of_record
TN:
SF:src/infrastructure/services/analyticsService.js
FN:9,(anonymous_0)
FN:29,(anonymous_1)
FN:36,(anonymous_2)
FN:48,(anonymous_3)
FN:62,(anonymous_4)
FN:74,(anonymous_5)
FN:77,(anonymous_6)
FN:89,(anonymous_7)
FN:101,(anonymous_8)
FN:129,(anonymous_9)
FN:156,(anonymous_10)
FN:185,(anonymous_11)
FN:200,(anonymous_12)
FN:211,(anonymous_13)
FN:235,(anonymous_14)
FN:251,(anonymous_15)
FN:258,(anonymous_16)
FN:269,(anonymous_17)
FN:287,(anonymous_18)
FN:314,(anonymous_19)
FN:321,(anonymous_20)
FN:362,(anonymous_21)
FN:366,(anonymous_22)
FN:371,(anonymous_23)
FN:372,(anonymous_24)
FN:376,(anonymous_25)
FN:386,(anonymous_26)
FN:402,(anonymous_27)
FN:416,(anonymous_28)
FN:434,(anonymous_29)
FNF:30
FNH:0
FNDA:0,(anonymous_0)
FNDA:0,(anonymous_1)
FNDA:0,(anonymous_2)
FNDA:0,(anonymous_3)
FNDA:0,(anonymous_4)
FNDA:0,(anonymous_5)
FNDA:0,(anonymous_6)
FNDA:0,(anonymous_7)
FNDA:0,(anonymous_8)
FNDA:0,(anonymous_9)
FNDA:0,(anonymous_10)
FNDA:0,(anonymous_11)
FNDA:0,(anonymous_12)
FNDA:0,(anonymous_13)
FNDA:0,(anonymous_14)
FNDA:0,(anonymous_15)
FNDA:0,(anonymous_16)
FNDA:0,(anonymous_17)
FNDA:0,(anonymous_18)
FNDA:0,(anonymous_19)
FNDA:0,(anonymous_20)
FNDA:0,(anonymous_21)
FNDA:0,(anonymous_22)
FNDA:0,(anonymous_23)
FNDA:0,(anonymous_24)
FNDA:0,(anonymous_25)
FNDA:0,(anonymous_26)
FNDA:0,(anonymous_27)
FNDA:0,(anonymous_28)
FNDA:0,(anonymous_29)
DA:10,0
DA:11,0
DA:12,0
DA:13,0
DA:14,0
DA:15,0
DA:16,0
DA:17,0
DA:18,0
DA:19,0
DA:20,0
DA:22,0
DA:23,0
DA:30,0
DA:37,0
DA:49,0
DA:51,0
DA:52,0
DA:53,0
DA:56,0
DA:62,0
DA:63,0
DA:67,0
DA:76,0
DA:77,0
DA:78,0
DA:87,0
DA:88,0
DA:89,0
DA:90,0
DA:91,0
DA:92,0
DA:102,0
DA:104,0
DA:117,0
DA:118,0
DA:121,0
DA:122,0
DA:130,0
DA:132,0
DA:144,0
DA:145,0
DA:146,0
DA:148,0
DA:150,0
DA:157,0
DA:159,0
DA:173,0
DA:174,0
DA:177,0
DA:178,0
DA:186,0
DA:192,0
DA:201,0
DA:212,0
DA:220,0
DA:221,0
DA:224,0
DA:225,0
DA:236,0
DA:238,0
DA:239,0
DA:244,0
DA:252,0
DA:259,0
DA:270,0
DA:276,0
DA:277,0
DA:280,0
DA:281,0
DA:288,0
DA:289,0
DA:290,0
DA:293,0
DA:294,0
DA:296,0
DA:302,0
DA:307,0
DA:308,0
DA:315,0
DA:322,0
DA:323,0
DA:326,0
DA:327,0
DA:330,0
DA:339,0
DA:341,0
DA:350,0
DA:351,0
DA:354,0
DA:363,0
DA:365,0
DA:366,0
DA:367,0
DA:369,0
DA:371,0
DA:372,0
DA:376,0
DA:380,0
DA:387,0
DA:389,0
DA:403,0
DA:405,0
DA:406,0
DA:408,0
DA:409,0
DA:417,0
DA:419,0
DA:424,0
DA:426,0
DA:427,0
DA:435,0
DA:436,0
DA:437,0
DA:438,0
DA:439,0
DA:445,0
DA:448,0
LF:118
LH:0
BRDA:40,0,0,0
BRDA:40,0,1,0
BRDA:52,1,0,0
BRDA:52,1,1,0
BRDA:76,2,0,0
BRDA:76,2,1,0
BRDA:76,3,0,0
BRDA:76,3,1,0
BRDA:87,4,0,0
BRDA:87,4,1,0
BRDA:91,5,0,0
BRDA:91,5,1,0
BRDA:101,6,0,0
BRDA:101,7,0,0
BRDA:102,8,0,0
BRDA:102,8,1,0
BRDA:121,9,0,0
BRDA:121,9,1,0
BRDA:129,10,0,0
BRDA:130,11,0,0
BRDA:130,11,1,0
BRDA:145,12,0,0
BRDA:145,12,1,0
BRDA:156,13,0,0
BRDA:157,14,0,0
BRDA:157,14,1,0
BRDA:162,15,0,0
BRDA:162,15,1,0
BRDA:163,16,0,0
BRDA:163,16,1,0
BRDA:164,17,0,0
BRDA:164,17,1,0
BRDA:177,18,0,0
BRDA:177,18,1,0
BRDA:177,19,0,0
BRDA:177,19,1,0
BRDA:185,20,0,0
BRDA:200,21,0,0
BRDA:211,22,0,0
BRDA:217,23,0,0
BRDA:217,23,1,0
BRDA:220,24,0,0
BRDA:220,24,1,0
BRDA:221,25,0,0
BRDA:221,25,1,0
BRDA:258,26,0,0
BRDA:258,27,0,0
BRDA:276,28,0,0
BRDA:276,28,1,0
BRDA:287,29,0,0
BRDA:288,30,0,0
BRDA:288,30,1,0
BRDA:288,31,0,0
BRDA:288,31,1,0
BRDA:321,32,0,0
BRDA:322,33,0,0
BRDA:322,33,1,0
BRDA:322,34,0,0
BRDA:322,34,1,0
BRDA:322,34,2,0
BRDA:326,35,0,0
BRDA:326,35,1,0
BRDA:326,36,0,0
BRDA:326,36,1,0
BRDA:326,36,2,0
BRDA:367,37,0,0
BRDA:367,37,1,0
BRDA:405,38,0,0
BRDA:405,38,1,0
BRDA:426,39,0,0
BRDA:426,39,1,0
BRDA:438,40,0,0
BRDA:438,40,1,0
BRF:73
BRH:0
end_of_record
TN:
SF:src/infrastructure/services/auditLogService.js
FN:9,(anonymous_0)
FN:44,(anonymous_1)
FN:144,(anonymous_2)
FN:201,(anonymous_3)
FN:229,(anonymous_4)
FN:256,(anonymous_5)
FN:260,(anonymous_6)
FN:279,(anonymous_7)
FN:291,(anonymous_8)
FN:305,(anonymous_9)
FN:317,(anonymous_10)
FN:333,(anonymous_11)
FN:349,(anonymous_12)
FN:364,(anonymous_13)
FN:371,(anonymous_14)
FN:380,(anonymous_15)
FN:386,(anonymous_16)
FN:390,(anonymous_17)
FN:398,(anonymous_18)
FN:401,(anonymous_19)
FN:405,(anonymous_20)
FN:409,(anonymous_21)
FN:413,(anonymous_22)
FN:427,(anonymous_23)
FN:461,(anonymous_24)
FN:474,(anonymous_25)
FN:498,(anonymous_26)
FNF:27
FNH:0
FNDA:0,(anonymous_0)
FNDA:0,(anonymous_1)
FNDA:0,(anonymous_2)
FNDA:0,(anonymous_3)
FNDA:0,(anonymous_4)
FNDA:0,(anonymous_5)
FNDA:0,(anonymous_6)
FNDA:0,(anonymous_7)
FNDA:0,(anonymous_8)
FNDA:0,(anonymous_9)
FNDA:0,(anonymous_10)
FNDA:0,(anonymous_11)
FNDA:0,(anonymous_12)
FNDA:0,(anonymous_13)
FNDA:0,(anonymous_14)
FNDA:0,(anonymous_15)
FNDA:0,(anonymous_16)
FNDA:0,(anonymous_17)
FNDA:0,(anonymous_18)
FNDA:0,(anonymous_19)
FNDA:0,(anonymous_20)
FNDA:0,(anonymous_21)
FNDA:0,(anonymous_22)
FNDA:0,(anonymous_23)
FNDA:0,(anonymous_24)
FNDA:0,(anonymous_25)
FNDA:0,(anonymous_26)
DA:10,0
DA:17,0
DA:32,0
DA:45,0
DA:47,0
DA:48,0
DA:49,0
DA:50,0
DA:54,0
DA:55,0
DA:56,0
DA:58,0
DA:62,0
DA:106,0
DA:107,0
DA:108,0
DA:109,0
DA:113,0
DA:116,0
DA:119,0
DA:120,0
DA:123,0
DA:127,0
DA:130,0
DA:137,0
DA:145,0
DA:146,0
DA:147,0
DA:148,0
DA:151,0
DA:154,0
DA:155,0
DA:158,0
DA:159,0
DA:162,0
DA:163,0
DA:166,0
DA:167,0
DA:170,0
DA:171,0
DA:174,0
DA:175,0
DA:179,0
DA:180,0
DA:182,0
DA:190,0
DA:193,0
DA:194,0
DA:202,0
DA:203,0
DA:209,0
DA:229,0
DA:231,0
DA:234,0
DA:237,0
DA:240,0
DA:241,0
DA:245,0
DA:246,0
DA:249,0
DA:250,0
DA:255,0
DA:256,0
DA:259,0
DA:260,0
DA:264,0
DA:266,0
DA:269,0
DA:270,0
DA:280,0
DA:292,0
DA:306,0
DA:318,0
DA:334,0
DA:350,0
DA:365,0
DA:368,0
DA:369,0
DA:371,0
DA:372,0
DA:373,0
DA:377,0
DA:381,0
DA:387,0
DA:391,0
DA:398,0
DA:402,0
DA:406,0
DA:411,0
DA:413,0
DA:414,0
DA:415,0
DA:416,0
DA:419,0
DA:420,0
DA:421,0
DA:424,0
DA:428,0
DA:431,0
DA:432,0
DA:440,0
DA:441,0
DA:449,0
DA:450,0
DA:451,0
DA:458,0
DA:462,0
DA:464,0
DA:470,0
DA:475,0
DA:477,0
DA:478,0
DA:479,0
DA:482,0
DA:483,0
DA:486,0
DA:489,0
DA:491,0
DA:499,0
DA:500,0
DA:501,0
DA:503,0
DA:512,0
DA:513,0
DA:514,0
DA:515,0
DA:518,0
DA:519,0
DA:522,0
DA:523,0
LF:130
LH:0
BRDA:44,0,0,0
BRDA:48,1,0,0
BRDA:48,1,1,0
BRDA:64,2,0,0
BRDA:64,2,1,0
BRDA:65,3,0,0
BRDA:65,3,1,0
BRDA:66,4,0,0
BRDA:66,4,1,0
BRDA:69,5,0,0
BRDA:69,5,1,0
BRDA:70,6,0,0
BRDA:70,6,1,0
BRDA:71,7,0,0
BRDA:71,7,1,0
BRDA:74,8,0,0
BRDA:74,8,1,0
BRDA:75,9,0,0
BRDA:75,9,1,0
BRDA:76,10,0,0
BRDA:76,10,1,0
BRDA:80,11,0,0
BRDA:80,11,1,0
BRDA:81,12,0,0
BRDA:81,12,1,0
BRDA:81,13,0,0
BRDA:81,13,1,0
BRDA:86,14,0,0
BRDA:86,14,1,0
BRDA:89,15,0,0
BRDA:89,15,1,0
BRDA:90,16,0,0
BRDA:90,16,1,0
BRDA:93,17,0,0
BRDA:93,17,1,0
BRDA:97,18,0,0
BRDA:97,18,1,0
BRDA:98,19,0,0
BRDA:98,19,1,0
BRDA:101,20,0,0
BRDA:101,20,1,0
BRDA:102,21,0,0
BRDA:102,21,1,0
BRDA:106,22,0,0
BRDA:106,22,1,0
BRDA:119,23,0,0
BRDA:119,23,1,0
BRDA:144,24,0,0
BRDA:147,25,0,0
BRDA:147,25,1,0
BRDA:154,26,0,0
BRDA:154,26,1,0
BRDA:158,27,0,0
BRDA:158,27,1,0
BRDA:162,28,0,0
BRDA:162,28,1,0
BRDA:166,29,0,0
BRDA:166,29,1,0
BRDA:170,30,0,0
BRDA:170,30,1,0
BRDA:174,31,0,0
BRDA:174,31,1,0
BRDA:179,32,0,0
BRDA:179,32,1,0
BRDA:180,33,0,0
BRDA:180,33,1,0
BRDA:201,34,0,0
BRDA:206,35,0,0
BRDA:206,35,1,0
BRDA:231,36,0,0
BRDA:231,36,1,0
BRDA:234,37,0,0
BRDA:234,37,1,0
BRDA:237,38,0,0
BRDA:237,38,1,0
BRDA:240,39,0,0
BRDA:240,39,1,0
BRDA:241,40,0,0
BRDA:241,40,1,0
BRDA:245,41,0,0
BRDA:245,41,1,0
BRDA:246,42,0,0
BRDA:246,42,1,0
BRDA:249,43,0,0
BRDA:249,43,1,0
BRDA:279,44,0,0
BRDA:286,45,0,0
BRDA:286,45,1,0
BRDA:300,46,0,0
BRDA:300,46,1,0
BRDA:317,47,0,0
BRDA:349,48,0,0
BRDA:351,49,0,0
BRDA:351,49,1,0
BRDA:365,50,0,0
BRDA:365,50,1,0
BRDA:372,51,0,0
BRDA:372,51,1,0
BRDA:381,52,0,0
BRDA:381,52,1,0
BRDA:381,52,2,0
BRDA:393,53,0,0
BRDA:393,53,1,0
BRDA:394,54,0,0
BRDA:394,54,1,0
BRDA:415,55,0,0
BRDA:415,55,1,0
BRDA:420,56,0,0
BRDA:420,56,1,0
BRDA:421,57,0,0
BRDA:421,57,1,0
BRDA:431,58,0,0
BRDA:431,58,1,0
BRDA:440,59,0,0
BRDA:440,59,1,0
BRDA:450,60,0,0
BRDA:450,60,1,0
BRDA:450,61,0,0
BRDA:450,61,1,0
BRDA:477,62,0,0
BRDA:477,62,1,0
BRDA:478,63,0,0
BRDA:478,63,1,0
BRDA:482,64,0,0
BRDA:482,64,1,0
BRDA:498,65,0,0
BRF:126
BRH:0
end_of_record
TN:
SF:src/infrastructure/services/backupService.js
FN:7,(anonymous_0)
FN:25,(anonymous_1)
FN:32,(anonymous_2)
FN:45,(anonymous_3)
FN:70,(anonymous_4)
FN:82,(anonymous_5)
FN:102,(anonymous_6)
FN:106,(anonymous_7)
FN:121,(anonymous_8)
FN:124,(anonymous_9)
FN:136,(anonymous_10)
FN:174,(anonymous_11)
FN:186,(anonymous_12)
FN:197,(anonymous_13)
FN:204,(anonymous_14)
FN:231,(anonymous_15)
FN:234,(anonymous_16)
FN:261,(anonymous_17)
FN:288,(anonymous_18)
FN:300,(anonymous_19)
FN:319,(anonymous_20)
FN:328,(anonymous_21)
FN:339,(anonymous_22)
FN:351,(anonymous_23)
FN:367,(anonymous_24)
FN:378,(anonymous_25)
FNF:26
FNH:0
FNDA:0,(anonymous_0)
FNDA:0,(anonymous_1)
FNDA:0,(anonymous_2)
FNDA:0,(anonymous_3)
FNDA:0,(anonymous_4)
FNDA:0,(anonymous_5)
FNDA:0,(anonymous_6)
FNDA:0,(anonymous_7)
FNDA:0,(anonymous_8)
FNDA:0,(anonymous_9)
FNDA:0,(anonymous_10)
FNDA:0,(anonymous_11)
FNDA:0,(anonymous_12)
FNDA:0,(anonymous_13)
FNDA:0,(anonymous_14)
FNDA:0,(anonymous_15)
FNDA:0,(anonymous_16)
FNDA:0,(anonymous_17)
FNDA:0,(anonymous_18)
FNDA:0,(anonymous_19)
FNDA:0,(anonymous_20)
FNDA:0,(anonymous_21)
FNDA:0,(anonymous_22)
FNDA:0,(anonymous_23)
FNDA:0,(anonymous_24)
FNDA:0,(anonymous_25)
DA:8,0
DA:20,0
DA:21,0
DA:26,0
DA:28,0
DA:29,0
DA:32,0
DA:33,0
DA:36,0
DA:37,0
DA:39,0
DA:40,0
DA:46,0
DA:47,0
DA:48,0
DA:51,0
DA:52,0
DA:53,0
DA:55,0
DA:56,0
DA:59,0
DA:61,0
DA:63,0
DA:65,0
DA:71,0
DA:72,0
DA:79,0
DA:80,0
DA:81,0
DA:82,0
DA:87,0
DA:89,0
DA:90,0
DA:94,0
DA:96,0
DA:97,0
DA:103,0
DA:106,0
DA:107,0
DA:108,0
DA:112,0
DA:113,0
DA:117,0
DA:122,0
DA:124,0
DA:125,0
DA:126,0
DA:127,0
DA:128,0
DA:132,0
DA:137,0
DA:138,0
DA:139,0
DA:140,0
DA:143,0
DA:144,0
DA:145,0
DA:148,0
DA:149,0
DA:151,0
DA:156,0
DA:165,0
DA:166,0
DA:168,0
DA:169,0
DA:175,0
DA:176,0
DA:177,0
DA:179,0
DA:181,0
DA:187,0
DA:188,0
DA:189,0
DA:191,0
DA:192,0
DA:198,0
DA:199,0
DA:201,0
DA:204,0
DA:207,0
DA:208,0
DA:211,0
DA:212,0
DA:213,0
DA:214,0
DA:215,0
DA:216,0
DA:219,0
DA:224,0
DA:226,0
DA:232,0
DA:233,0
DA:234,0
DA:236,0
DA:237,0
DA:240,0
DA:241,0
DA:242,0
DA:245,0
DA:246,0
DA:250,0
DA:252,0
DA:255,0
DA:256,0
DA:262,0
DA:263,0
DA:267,0
DA:270,0
DA:271,0
DA:275,0
DA:276,0
DA:277,0
DA:278,0
DA:282,0
DA:288,0
DA:291,0
DA:292,0
DA:301,0
DA:302,0
DA:303,0
DA:305,0
DA:306,0
DA:308,0
DA:311,0
DA:313,0
DA:314,0
DA:320,0
DA:321,0
DA:322,0
DA:323,0
DA:329,0
DA:330,0
DA:331,0
DA:332,0
DA:334,0
DA:339,0
DA:343,0
DA:345,0
DA:346,0
DA:352,0
DA:353,0
DA:354,0
DA:357,0
DA:358,0
DA:359,0
DA:361,0
DA:367,0
DA:370,0
DA:371,0
DA:373,0
DA:379,0
DA:380,0
DA:382,0
DA:383,0
DA:384,0
DA:385,0
DA:386,0
DA:389,0
DA:393,0
DA:394,0
DA:395,0
DA:397,0
DA:398,0
LF:163
LH:0
BRDA:25,0,0,0
BRDA:29,1,0,0
BRDA:29,1,1,0
BRDA:46,2,0,0
BRDA:46,2,1,0
BRDA:107,3,0,0
BRDA:107,3,1,0
BRDA:107,4,0,0
BRDA:107,4,1,0
BRDA:112,5,0,0
BRDA:112,5,1,0
BRDA:112,6,0,0
BRDA:112,6,1,0
BRDA:125,7,0,0
BRDA:125,7,1,0
BRDA:125,8,0,0
BRDA:125,8,1,0
BRDA:127,9,0,0
BRDA:127,9,1,0
BRDA:127,10,0,0
BRDA:127,10,1,0
BRDA:136,11,0,0
BRDA:144,12,0,0
BRDA:144,12,1,0
BRDA:189,13,0,0
BRDA:189,13,1,0
BRDA:197,14,0,0
BRDA:201,15,0,0
BRDA:201,15,1,0
BRDA:214,16,0,0
BRDA:214,16,1,0
BRDA:236,17,0,0
BRDA:236,17,1,0
BRDA:241,18,0,0
BRDA:241,18,1,0
BRDA:245,19,0,0
BRDA:245,19,1,0
BRDA:270,20,0,0
BRDA:270,20,1,0
BRDA:270,21,0,0
BRDA:270,21,1,0
BRDA:277,22,0,0
BRDA:277,22,1,0
BRDA:300,23,0,0
BRDA:305,24,0,0
BRDA:305,24,1,0
BRDA:320,25,0,0
BRDA:320,25,1,0
BRDA:332,26,0,0
BRDA:332,26,1,0
BRDA:338,27,0,0
BRDA:338,27,1,0
BRDA:339,28,0,0
BRDA:339,28,1,0
BRDA:340,29,0,0
BRDA:340,29,1,0
BRDA:353,30,0,0
BRDA:353,30,1,0
BRDA:385,31,0,0
BRDA:385,31,1,0
BRF:60
BRH:0
end_of_record
TN:
SF:src/infrastructure/services/batchFirestoreService.js
FN:14,(anonymous_0)
FN:26,(anonymous_1)
FN:36,(anonymous_2)
FN:81,(anonymous_3)
FN:90,(anonymous_4)
FN:113,(anonymous_5)
FN:131,(anonymous_6)
FN:140,(anonymous_7)
FN:158,(anonymous_8)
FN:175,(anonymous_9)
FN:190,(anonymous_10)
FN:191,(anonymous_11)
FN:192,(anonymous_12)
FN:199,(anonymous_13)
FN:247,(anonymous_14)
FN:270,(anonymous_15)
FN:312,(anonymous_16)
FN:342,(anonymous_17)
FN:355,(anonymous_18)
FN:373,(anonymous_19)
FNF:20
FNH:0
FNDA:0,(anonymous_0)
FNDA:0,(anonymous_1)
FNDA:0,(anonymous_2)
FNDA:0,(anonymous_3)
FNDA:0,(anonymous_4)
FNDA:0,(anonymous_5)
FNDA:0,(anonymous_6)
FNDA:0,(anonymous_7)
FNDA:0,(anonymous_8)
FNDA:0,(anonymous_9)
FNDA:0,(anonymous_10)
FNDA:0,(anonymous_11)
FNDA:0,(anonymous_12)
FNDA:0,(anonymous_13)
FNDA:0,(anonymous_14)
FNDA:0,(anonymous_15)
FNDA:0,(anonymous_16)
FNDA:0,(anonymous_17)
FNDA:0,(anonymous_18)
FNDA:0,(anonymous_19)
DA:15,0
DA:16,0
DA:27,0
DA:28,0
DA:31,0
DA:32,0
DA:34,0
DA:36,0
DA:37,0
DA:38,0
DA:40,0
DA:41,0
DA:45,0
DA:46,0
DA:52,0
DA:53,0
DA:56,0
DA:57,0
DA:58,0
DA:62,0
DA:63,0
DA:65,0
DA:66,0
DA:69,0
DA:70,0
DA:82,0
DA:83,0
DA:86,0
DA:87,0
DA:89,0
DA:90,0
DA:91,0
DA:93,0
DA:94,0
DA:98,0
DA:99,0
DA:104,0
DA:107,0
DA:108,0
DA:109,0
DA:112,0
DA:113,0
DA:115,0
DA:116,0
DA:119,0
DA:120,0
DA:132,0
DA:133,0
DA:136,0
DA:137,0
DA:139,0
DA:140,0
DA:141,0
DA:143,0
DA:144,0
DA:148,0
DA:149,0
DA:152,0
DA:153,0
DA:154,0
DA:157,0
DA:158,0
DA:160,0
DA:161,0
DA:164,0
DA:165,0
DA:180,0
DA:183,0
DA:184,0
DA:185,0
DA:189,0
DA:190,0
DA:191,0
DA:192,0
DA:195,0
DA:196,0
DA:198,0
DA:199,0
DA:200,0
DA:201,0
DA:203,0
DA:204,0
DA:208,0
DA:210,0
DA:211,0
DA:216,0
DA:217,0
DA:218,0
DA:221,0
DA:222,0
DA:226,0
DA:227,0
DA:228,0
DA:231,0
DA:232,0
DA:233,0
DA:234,0
DA:239,0
DA:240,0
DA:241,0
DA:244,0
DA:247,0
DA:248,0
DA:249,0
DA:250,0
DA:253,0
DA:254,0
DA:257,0
DA:258,0
DA:276,0
DA:278,0
DA:282,0
DA:285,0
DA:286,0
DA:289,0
DA:290,0
DA:293,0
DA:294,0
DA:295,0
DA:297,0
DA:298,0
DA:299,0
DA:301,0
DA:302,0
DA:305,0
DA:307,0
DA:308,0
DA:309,0
DA:312,0
DA:318,0
DA:319,0
DA:322,0
DA:323,0
DA:325,0
DA:328,0
DA:329,0
DA:332,0
DA:333,0
DA:343,0
DA:344,0
DA:345,0
DA:347,0
DA:356,0
DA:359,0
DA:360,0
DA:361,0
DA:362,0
DA:365,0
DA:374,0
DA:375,0
DA:377,0
DA:378,0
DA:379,0
DA:380,0
DA:382,0
DA:391,0
DA:396,0
DA:399,0
DA:400,0
DA:401,0
DA:407,0
LF:161
LH:0
BRDA:26,0,0,0
BRDA:27,1,0,0
BRDA:27,1,1,0
BRDA:27,2,0,0
BRDA:27,2,1,0
BRDA:41,3,0,0
BRDA:41,3,1,0
BRDA:81,4,0,0
BRDA:82,5,0,0
BRDA:82,5,1,0
BRDA:82,6,0,0
BRDA:82,6,1,0
BRDA:94,7,0,0
BRDA:94,7,1,0
BRDA:131,8,0,0
BRDA:132,9,0,0
BRDA:132,9,1,0
BRDA:132,10,0,0
BRDA:132,10,1,0
BRDA:144,11,0,0
BRDA:144,11,1,0
BRDA:175,12,0,0
BRDA:177,13,0,0
BRDA:178,14,0,0
BRDA:179,15,0,0
BRDA:184,16,0,0
BRDA:184,16,1,0
BRDA:204,17,0,0
BRDA:204,17,1,0
BRDA:208,18,0,0
BRDA:208,18,1,0
BRDA:208,18,2,0
BRDA:270,19,0,0
BRDA:270,20,0,0
BRDA:272,21,0,0
BRDA:273,22,0,0
BRDA:274,23,0,0
BRDA:275,24,0,0
BRDA:278,25,0,0
BRDA:278,25,1,0
BRDA:285,26,0,0
BRDA:285,26,1,0
BRDA:289,27,0,0
BRDA:289,27,1,0
BRDA:301,28,0,0
BRDA:301,28,1,0
BRDA:307,29,0,0
BRDA:307,29,1,0
BRDA:319,30,0,0
BRDA:319,30,1,0
BRDA:375,31,0,0
BRDA:375,31,1,0
BRDA:380,32,0,0
BRDA:380,32,1,0
BRDA:385,33,0,0
BRDA:385,33,1,0
BRDA:385,34,0,0
BRDA:385,34,1,0
BRDA:393,35,0,0
BRDA:393,35,1,0
BRF:60
BRH:0
end_of_record
TN:
SF:src/infrastructure/services/cacheService.js
FN:8,(anonymous_0)
FN:25,(anonymous_1)
FN:28,(anonymous_2)
FN:39,(anonymous_3)
FN:75,(anonymous_4)
FN:114,(anonymous_5)
FN:128,(anonymous_6)
FN:132,(anonymous_7)
FN:145,(anonymous_8)
FN:149,(anonymous_9)
FN:157,(anonymous_10)
FN:173,(anonymous_11)
FN:205,(anonymous_12)
FN:218,(anonymous_13)
FN:246,(anonymous_14)
FN:267,(anonymous_15)
FN:284,(anonymous_16)
FN:291,(anonymous_17)
FN:296,(anonymous_18)
FN:304,(anonymous_19)
FN:318,(anonymous_20)
FN:348,(anonymous_21)
FN:364,(anonymous_22)
FN:376,(anonymous_23)
FN:390,(anonymous_24)
FN:391,(anonymous_25)
FN:392,(anonymous_26)
FN:393,(anonymous_27)
FN:394,(anonymous_28)
FN:395,(anonymous_29)
FN:396,(anonymous_30)
FN:397,(anonymous_31)
FN:398,(anonymous_32)
FN:399,(anonymous_33)
FN:400,(anonymous_34)
FN:401,(anonymous_35)
FN:402,(anonymous_36)
FN:403,(anonymous_37)
FN:404,(anonymous_38)
FN:405,(anonymous_39)
FN:406,(anonymous_40)
FN:407,(anonymous_41)
FN:408,(anonymous_42)
FN:409,(anonymous_43)
FN:410,(anonymous_44)
FNF:45
FNH:0
FNDA:0,(anonymous_0)
FNDA:0,(anonymous_1)
FNDA:0,(anonymous_2)
FNDA:0,(anonymous_3)
FNDA:0,(anonymous_4)
FNDA:0,(anonymous_5)
FNDA:0,(anonymous_6)
FNDA:0,(anonymous_7)
FNDA:0,(anonymous_8)
FNDA:0,(anonymous_9)
FNDA:0,(anonymous_10)
FNDA:0,(anonymous_11)
FNDA:0,(anonymous_12)
FNDA:0,(anonymous_13)
FNDA:0,(anonymous_14)
FNDA:0,(anonymous_15)
FNDA:0,(anonymous_16)
FNDA:0,(anonymous_17)
FNDA:0,(anonymous_18)
FNDA:0,(anonymous_19)
FNDA:0,(anonymous_20)
FNDA:0,(anonymous_21)
FNDA:0,(anonymous_22)
FNDA:0,(anonymous_23)
FNDA:0,(anonymous_24)
FNDA:0,(anonymous_25)
FNDA:0,(anonymous_26)
FNDA:0,(anonymous_27)
FNDA:0,(anonymous_28)
FNDA:0,(anonymous_29)
FNDA:0,(anonymous_30)
FNDA:0,(anonymous_31)
FNDA:0,(anonymous_32)
FNDA:0,(anonymous_33)
FNDA:0,(anonymous_34)
FNDA:0,(anonymous_35)
FNDA:0,(anonymous_36)
FNDA:0,(anonymous_37)
FNDA:0,(anonymous_38)
FNDA:0,(anonymous_39)
FNDA:0,(anonymous_40)
FNDA:0,(anonymous_41)
FNDA:0,(anonymous_42)
FNDA:0,(anonymous_43)
FNDA:0,(anonymous_44)
DA:9,0
DA:10,0
DA:16,0
DA:17,0
DA:18,0
DA:19,0
DA:26,0
DA:29,0
DA:30,0
DA:33,0
DA:40,0
DA:42,0
DA:43,0
DA:44,0
DA:45,0
DA:49,0
DA:50,0
DA:51,0
DA:52,0
DA:54,0
DA:55,0
DA:56,0
DA:59,0
DA:63,0
DA:64,0
DA:66,0
DA:67,0
DA:68,0
DA:76,0
DA:77,0
DA:78,0
DA:85,0
DA:87,0
DA:89,0
DA:90,0
DA:93,0
DA:94,0
DA:99,0
DA:100,0
DA:101,0
DA:104,0
DA:106,0
DA:107,0
DA:115,0
DA:116,0
DA:117,0
DA:118,0
DA:120,0
DA:121,0
DA:129,0
DA:130,0
DA:131,0
DA:132,0
DA:133,0
DA:134,0
DA:135,0
DA:137,0
DA:138,0
DA:146,0
DA:148,0
DA:149,0
DA:150,0
DA:151,0
DA:156,0
DA:157,0
DA:158,0
DA:159,0
DA:162,0
DA:163,0
DA:165,0
DA:166,0
DA:174,0
DA:176,0
DA:177,0
DA:178,0
DA:182,0
DA:183,0
DA:185,0
DA:186,0
DA:189,0
DA:191,0
DA:193,0
DA:194,0
DA:196,0
DA:197,0
DA:206,0
DA:207,0
DA:209,0
DA:211,0
DA:212,0
DA:213,0
DA:214,0
DA:216,0
DA:218,0
DA:219,0
DA:220,0
DA:221,0
DA:222,0
DA:223,0
DA:226,0
DA:232,0
DA:236,0
DA:238,0
DA:239,0
DA:248,0
DA:249,0
DA:250,0
DA:251,0
DA:252,0
DA:256,0
DA:268,0
DA:269,0
DA:271,0
DA:272,0
DA:273,0
DA:274,0
DA:278,0
DA:285,0
DA:292,0
DA:293,0
DA:296,0
DA:297,0
DA:305,0
DA:306,0
DA:309,0
DA:310,0
DA:311,0
DA:312,0
DA:317,0
DA:318,0
DA:320,0
DA:321,0
DA:322,0
DA:323,0
DA:324,0
DA:325,0
DA:326,0
DA:327,0
DA:332,0
DA:333,0
DA:337,0
DA:338,0
DA:341,0
DA:349,0
DA:353,0
DA:365,0
DA:377,0
DA:378,0
DA:379,0
DA:381,0
DA:386,0
DA:389,0
DA:390,0
DA:391,0
DA:392,0
DA:393,0
DA:394,0
DA:395,0
DA:396,0
DA:397,0
DA:398,0
DA:399,0
DA:400,0
DA:401,0
DA:402,0
DA:403,0
DA:404,0
DA:405,0
DA:406,0
DA:407,0
DA:408,0
DA:409,0
DA:410,0
DA:414,0
LF:174
LH:0
BRDA:25,0,0,0
BRDA:43,1,0,0
BRDA:43,1,1,0
BRDA:43,2,0,0
BRDA:43,2,1,0
BRDA:50,3,0,0
BRDA:50,3,1,0
BRDA:52,4,0,0
BRDA:52,4,1,0
BRDA:75,5,0,0
BRDA:75,6,0,0
BRDA:87,7,0,0
BRDA:87,7,1,0
BRDA:87,7,2,0
BRDA:87,7,3,0
BRDA:150,8,0,0
BRDA:150,8,1,0
BRDA:158,9,0,0
BRDA:158,9,1,0
BRDA:173,10,0,0
BRDA:173,11,0,0
BRDA:177,12,0,0
BRDA:177,12,1,0
BRDA:185,13,0,0
BRDA:185,13,1,0
BRDA:185,14,0,0
BRDA:185,14,1,0
BRDA:205,15,0,0
BRDA:205,16,0,0
BRDA:209,17,0,0
BRDA:209,17,1,0
BRDA:212,18,0,0
BRDA:212,18,1,0
BRDA:216,19,0,0
BRDA:216,19,1,0
BRDA:221,20,0,0
BRDA:221,20,1,0
BRDA:248,21,0,0
BRDA:248,21,1,0
BRDA:250,22,0,0
BRDA:250,22,1,0
BRDA:272,23,0,0
BRDA:272,23,1,0
BRDA:292,24,0,0
BRDA:292,24,1,0
BRDA:310,25,0,0
BRDA:310,25,1,0
BRDA:323,26,0,0
BRDA:323,26,1,0
BRDA:325,27,0,0
BRDA:325,27,1,0
BRDA:337,28,0,0
BRDA:337,28,1,0
BRDA:349,29,0,0
BRDA:349,29,1,0
BRDA:377,30,0,0
BRDA:377,30,1,0
BRF:57
BRH:0
end_of_record
TN:
SF:src/infrastructure/services/certificateDeliveryService.ts
FN:19,(anonymous_0)
FN:258,(anonymous_1)
FN:290,(anonymous_2)
FN:343,(anonymous_3)
FNF:4
FNH:0
FNDA:0,(anonymous_0)
FNDA:0,(anonymous_1)
FNDA:0,(anonymous_2)
FNDA:0,(anonymous_3)
DA:20,0
DA:22,0
DA:24,0
DA:231,0
DA:252,0
DA:259,0
DA:260,0
DA:261,0
DA:262,0
DA:265,0
DA:267,0
DA:274,0
DA:276,0
DA:277,0
DA:280,0
DA:282,0
DA:283,0
DA:291,0
DA:292,0
DA:293,0
DA:294,0
DA:298,0
DA:301,0
DA:304,0
DA:313,0
DA:314,0
DA:316,0
DA:317,0
DA:319,0
DA:320,0
DA:321,0
DA:322,0
DA:325,0
DA:326,0
DA:327,0
DA:330,0
DA:331,0
DA:332,0
DA:335,0
DA:336,0
DA:344,0
DA:350,0
DA:351,0
DA:355,0
DA:356,0
DA:359,0
LF:46
LH:0
BRDA:260,0,0,0
BRDA:260,0,1,0
BRDA:276,1,0,0
BRDA:276,1,1,0
BRDA:292,2,0,0
BRDA:292,2,1,0
BRDA:301,3,0,0
BRDA:301,3,1,0
BRDA:319,4,0,0
BRDA:319,4,1,0
BRDA:350,5,0,0
BRDA:350,5,1,0
BRDA:355,6,0,0
BRDA:355,6,1,0
BRDA:355,7,0,0
BRDA:355,7,1,0
BRF:16
BRH:0
end_of_record
TN:
SF:src/infrastructure/services/certificateService.ts
FN:77,replaceTags
FN:101,generateElementCSS
FN:134,generateCertificateHTML
FN:305,(anonymous_3)
FN:325,(anonymous_4)
FN:358,(anonymous_5)
FN:359,(anonymous_6)
FN:379,(anonymous_7)
FN:397,(anonymous_8)
FNF:9
FNH:0
FNDA:0,replaceTags
FNDA:0,generateElementCSS
FNDA:0,generateCertificateHTML
FNDA:0,(anonymous_3)
FNDA:0,(anonymous_4)
FNDA:0,(anonymous_5)
FNDA:0,(anonymous_6)
FNDA:0,(anonymous_7)
FNDA:0,(anonymous_8)
DA:61,0
DA:72,0
DA:78,0
DA:89,0
DA:102,0
DA:104,0
DA:105,0
DA:106,0
DA:107,0
DA:108,0
DA:109,0
DA:110,0
DA:113,0
DA:114,0
DA:116,0
DA:135,0
DA:138,0
DA:139,0
DA:140,0
DA:143,0
DA:148,0
DA:185,0
DA:186,0
DA:187,0
DA:188,0
DA:189,0
DA:191,0
DA:193,0
DA:301,0
DA:306,0
DA:307,0
DA:308,0
DA:309,0
DA:310,0
DA:312,0
DA:313,0
DA:315,0
[...]
FNDA:0,(anonymous_3)
FNDA:0,(anonymous_4)
FNDA:0,(anonymous_5)
FNDA:0,(anonymous_6)
FNDA:0,(anonymous_7)
DA:6,0
DA:7,0
DA:8,0
DA:11,0
DA:14,0
DA:15,0
DA:20,0
DA:21,0
DA:26,0
DA:27,0
DA:32,0
DA:33,0
DA:38,0
DA:39,0
DA:40,0
DA:41,0
DA:46,0
DA:68,0
DA:69,0
DA:70,0
DA:73,0
DA:77,0
DA:80,0
DA:85,0
DA:94,0
LF:25
LH:0
BRDA:27,0,0,0
BRDA:27,0,1,0
BRDA:39,1,0,0
BRDA:39,1,1,0
BRDA:40,2,0,0
BRDA:40,2,1,0
BRDA:70,3,0,0
BRDA:70,3,1,0
BRDA:80,4,0,0
BRDA:80,4,1,0
BRDA:88,5,0,0
BRDA:88,5,1,0
BRDA:89,6,0,0
BRDA:89,6,1,0
BRF:14
BRH:0
end_of_record
TN:
SF:src/shared/utils/queryValidation.ts
FN:13,(anonymous_0)
FN:60,(anonymous_1)
FN:88,(anonymous_2)
FNF:3
FNH:0
FNDA:0,(anonymous_0)
FNDA:0,(anonymous_1)
FNDA:0,(anonymous_2)
DA:13,0
DA:15,0
DA:16,0
DA:17,0
DA:21,0
DA:22,0
DA:23,0
DA:24,0
DA:27,0
DA:30,0
DA:31,0
DA:32,0
DA:36,0
DA:37,0
DA:38,0
DA:42,0
DA:43,0
DA:44,0
DA:48,0
DA:60,0
DA:67,0
DA:69,0
DA:70,0
DA:71,0
DA:75,0
DA:77,0
DA:78,0
DA:88,0
DA:92,0
DA:93,0
DA:95,0
DA:96,0
DA:97,0
DA:100,0
LF:34
LH:0
BRDA:13,0,0,0
BRDA:15,1,0,0
BRDA:15,1,1,0
BRDA:15,2,0,0
BRDA:15,2,1,0
BRDA:22,3,0,0
BRDA:22,3,1,0
BRDA:22,4,0,0
BRDA:22,4,1,0
BRDA:30,5,0,0
BRDA:30,5,1,0
BRDA:30,6,0,0
BRDA:30,6,1,0
BRDA:36,7,0,0
BRDA:36,7,1,0
BRDA:36,8,0,0
BRDA:36,8,1,0
BRDA:42,9,0,0
BRDA:42,9,1,0
BRDA:42,10,0,0
BRDA:42,10,1,0
BRDA:63,11,0,0
BRDA:64,12,0,0
BRDA:65,13,0,0
BRDA:69,14,0,0
BRDA:69,14,1,0
BRDA:95,15,0,0
BRDA:95,15,1,0
BRDA:95,16,0,0
BRDA:95,16,1,0
BRF:30
BRH:0
end_of_record
TN:
SF:src/shared/utils/rateLimiter.ts
FN:29,(anonymous_0)
FN:42,(anonymous_1)
FN:61,(anonymous_2)
FN:93,(anonymous_3)
FN:122,(anonymous_4)
FN:145,(anonymous_5)
FN:165,(anonymous_6)
FN:180,(anonymous_7)
FN:189,(anonymous_8)
FN:201,(anonymous_9)
FN:214,(anonymous_10)
FN:235,(anonymous_11)
FN:240,(anonymous_12)
FN:248,(anonymous_13)
FN:267,(anonymous_14)
FN:289,(anonymous_15)
FN:301,(anonymous_16)
FNF:17
FNH:0
FNDA:0,(anonymous_0)
FNDA:0,(anonymous_1)
FNDA:0,(anonymous_2)
FNDA:0,(anonymous_3)
FNDA:0,(anonymous_4)
FNDA:0,(anonymous_5)
FNDA:0,(anonymous_6)
FNDA:0,(anonymous_7)
FNDA:0,(anonymous_8)
FNDA:0,(anonymous_9)
FNDA:0,(anonymous_10)
FNDA:0,(anonymous_11)
FNDA:0,(anonymous_12)
FNDA:0,(anonymous_13)
FNDA:0,(anonymous_14)
FNDA:0,(anonymous_15)
FNDA:0,(anonymous_16)
DA:30,0
DA:31,0
DA:32,0
DA:33,0
DA:34,0
DA:43,0
DA:52,0
DA:62,0
DA:63,0
DA:65,0
DA:67,0
DA:71,0
DA:72,0
DA:73,0
DA:83,0
DA:84,0
DA:88,0
DA:89,0
DA:92,0
DA:93,0
DA:97,0
DA:98,0
DA:99,0
DA:109,0
DA:123,0
DA:124,0
DA:126,0
DA:129,0
DA:130,0
DA:131,0
DA:134,0
DA:135,0
DA:137,0
DA:146,0
DA:150,0
DA:156,0
DA:166,0
DA:167,0
DA:170,0
DA:171,0
DA:173,0
DA:181,0
DA:190,0
DA:191,0
DA:192,0
DA:202,0
DA:203,0
DA:205,0
DA:206,0
DA:209,0
DA:210,0
DA:211,0
DA:213,0
DA:214,0
DA:217,0
DA:236,0
DA:237,0
DA:240,0
DA:241,0
DA:249,0
DA:250,0
DA:253,0
DA:254,0
DA:255,0
DA:256,0
DA:261,0
DA:262,0
DA:263,0
DA:265,0
DA:266,0
DA:267,0
DA:270,0
DA:271,0
DA:272,0
DA:274,0
DA:276,0
DA:281,0
DA:282,0
DA:290,0
DA:302,0
DA:303,0
DA:304,0
DA:306,0
DA:307,0
DA:308,0
DA:313,0
DA:316,0
DA:324,0
DA:331,0
DA:339,0
DA:346,0
DA:354,0
DA:362,0
LF:93
LH:0
BRDA:65,0,0,0
BRDA:65,0,1,0
BRDA:72,1,0,0
BRDA:72,1,1,0
BRDA:72,2,0,0
BRDA:72,2,1,0
BRDA:83,3,0,0
BRDA:83,3,1,0
BRDA:83,4,0,0
BRDA:83,4,1,0
BRDA:89,5,0,0
BRDA:89,5,1,0
BRDA:97,6,0,0
BRDA:97,6,1,0
BRDA:122,7,0,0
BRDA:126,8,0,0
BRDA:126,8,1,0
BRDA:129,9,0,0
BRDA:129,9,1,0
BRDA:129,10,0,0
BRDA:129,10,1,0
BRDA:134,11,0,0
BRDA:134,11,1,0
BRDA:146,12,0,0
BRDA:146,12,1,0
BRDA:153,13,0,0
BRDA:153,13,1,0
BRDA:167,14,0,0
BRDA:167,14,1,0
BRDA:205,15,0,0
BRDA:205,15,1,0
BRDA:210,16,0,0
BRDA:210,16,1,0
BRDA:219,17,0,0
BRDA:219,17,1,0
BRDA:224,18,0,0
BRDA:224,18,1,0
BRDA:236,19,0,0
BRDA:236,19,1,0
BRDA:254,20,0,0
BRDA:254,20,1,0
BRDA:265,21,0,0
BRDA:265,21,1,0
BRDA:270,22,0,0
BRDA:270,22,1,0
BRDA:271,23,0,0
BRDA:271,23,1,0
BRDA:281,24,0,0
BRDA:281,24,1,0
BRDA:302,25,0,0
BRDA:302,25,1,0
BRF:51
BRH:0
end_of_record
TN:
SF:src/shared/utils/refreshManager.ts
FN:11,(anonymous_0)
FN:16,(anonymous_1)
FN:23,(anonymous_2)
FN:35,(anonymous_3)
FN:48,(anonymous_4)
FN:51,(anonymous_5)
FN:63,(anonymous_6)
FN:67,(anonymous_7)
FN:71,(anonymous_8)
FN:75,(anonymous_9)
FN:84,(anonymous_10)
FN:88,(anonymous_11)
FN:92,(anonymous_12)
FNF:13
FNH:0
FNDA:0,(anonymous_0)
FNDA:0,(anonymous_1)
FNDA:0,(anonymous_2)
FNDA:0,(anonymous_3)
FNDA:0,(anonymous_4)
FNDA:0,(anonymous_5)
FNDA:0,(anonymous_6)
FNDA:0,(anonymous_7)
FNDA:0,(anonymous_8)
FNDA:0,(anonymous_9)
FNDA:0,(anonymous_10)
FNDA:0,(anonymous_11)
FNDA:0,(anonymous_12)
DA:12,0
DA:17,0
DA:18,0
DA:20,0
DA:23,0
DA:24,0
DA:25,0
DA:26,0
DA:27,0
DA:28,0
DA:36,0
DA:39,0
DA:46,0
DA:48,0
DA:49,0
DA:50,0
DA:51,0
DA:52,0
DA:53,0
DA:55,0
DA:64,0
DA:68,0
DA:72,0
DA:76,0
DA:81,0
DA:84,0
DA:85,0
DA:86,0
DA:88,0
DA:89,0
DA:90,0
DA:92,0
DA:93,0
DA:94,0
DA:98,0
LF:35
LH:0
BRDA:17,0,0,0
BRDA:17,0,1,0
BRDA:25,1,0,0
BRDA:25,1,1,0
BRDA:27,2,0,0
BRDA:27,2,1,0
BRDA:35,3,0,0
BRDA:46,4,0,0
BRDA:46,4,1,0
BRDA:50,5,0,0
BRDA:50,5,1,0
BRDA:63,6,0,0
BRDA:67,7,0,0
BRDA:71,8,0,0
BRDA:75,9,0,0
BRF:15
BRH:0
end_of_record
TN:
SF:src/shared/utils/scheduleConflictValidator.ts
FNF:0
FNH:0
LF:0
LH:0
BRF:0
BRH:0
end_of_record
TN:
SF:src/shared/utils/scheduleUtils.ts
FNF:0
FNH:0
LF:0
LH:0
BRF:0
BRH:0
end_of_record
TN:
SF:src/shared/utils/theme.ts
FN:2180,(anonymous_0)
FN:2189,(anonymous_1)
FN:2190,(anonymous_2)
FN:2197,(anonymous_3)
FN:2253,(anonymous_4)
FNF:5
FNH:0
FNDA:0,(anonymous_0)
FNDA:0,(anonymous_1)
FNDA:0,(anonymous_2)
FNDA:0,(anonymous_3)
FNDA:0,(anonymous_4)
DA:6,0
DA:2180,0
DA:2181,0
DA:2182,0
DA:2184,0
DA:2185,0
DA:2189,0
DA:2190,0
DA:2197,0
DA:2198,0
DA:2202,0
DA:2227,0
DA:2253,0
DA:2257,0
DA:2260,0
DA:2275,0
DA:2277,0
LF:17
LH:0
BRDA:2180,0,0,0
BRDA:2182,1,0,0
BRDA:2182,1,1,0
BRDA:2254,2,0,0
BRDA:2255,3,0,0
BRDA:2257,4,0,0
BRDA:2257,4,1,0
BRDA:2262,5,0,0
BRDA:2262,5,1,0
BRDA:2263,6,0,0
BRDA:2263,6,1,0
BRDA:2266,7,0,0
BRDA:2266,7,1,0
BRDA:2267,8,0,0
BRDA:2267,8,1,0
BRDA:2270,9,0,0
BRDA:2270,9,1,0
BRDA:2271,10,0,0
BRDA:2271,10,1,0
BRDA:2275,11,0,0
BRDA:2275,11,1,0
BRF:21
BRH:0
end_of_record
TN:
SF:src/shared/utils/userTypeHelpers.ts
FN:20,(anonymous_0)
FN:30,(anonymous_1)
FN:44,(anonymous_2)
FN:58,(anonymous_3)
FN:72,(anonymous_4)
FN:85,(anonymous_5)
FNF:6
FNH:0
FNDA:0,(anonymous_0)
FNDA:0,(anonymous_1)
FNDA:0,(anonymous_2)
FNDA:0,(anonymous_3)
FNDA:0,(anonymous_4)
FNDA:0,(anonymous_5)
DA:6,0
DA:20,0
DA:21,0
DA:22,0
DA:30,0
DA:31,0
DA:33,0
DA:34,0
DA:36,0
DA:44,0
DA:45,0
DA:47,0
DA:48,0
DA:50,0
DA:58,0
DA:59,0
DA:61,0
DA:62,0
DA:64,0
DA:72,0
DA:73,0
DA:75,0
DA:76,0
DA:85,0
DA:86,0
DA:88,0
DA:91,0
DA:92,0
DA:96,0
DA:97,0
DA:100,0
LF:31
LH:0
BRDA:21,0,0,0
BRDA:21,0,1,0
BRDA:22,1,0,0
BRDA:22,1,1,0
BRDA:31,2,0,0
BRDA:31,2,1,0
BRDA:33,3,0,0
BRDA:33,3,1,0
BRDA:34,4,0,0
BRDA:34,4,1,0
BRDA:45,5,0,0
BRDA:45,5,1,0
BRDA:47,6,0,0
BRDA:47,6,1,0
BRDA:48,7,0,0
BRDA:48,7,1,0
BRDA:59,8,0,0
BRDA:59,8,1,0
BRDA:61,9,0,0
BRDA:61,9,1,0
BRDA:62,10,0,0
BRDA:62,10,1,0
BRDA:73,11,0,0
BRDA:73,11,1,0
BRDA:75,12,0,0
BRDA:75,12,1,0
BRDA:75,12,2,0
BRDA:86,13,0,0
BRDA:86,13,1,0
BRDA:91,14,0,0
BRDA:91,14,1,0
BRDA:91,15,0,0
BRDA:91,15,1,0
BRDA:96,16,0,0
BRDA:96,16,1,0
BRDA:96,17,0,0
BRDA:96,17,1,0
BRF:37
BRH:0
end_of_record
TN:
SF:src/shared/utils/validation.ts
FN:6,(anonymous_0)
FN:14,(anonymous_1)
FN:21,(anonymous_2)
FN:28,(anonymous_3)
FN:35,(anonymous_4)
FN:43,(anonymous_5)
FN:75,(anonymous_6)
FN:90,(anonymous_7)
FN:98,(anonymous_8)
FN:106,(anonymous_9)
FN:113,(anonymous_10)
FN:119,(anonymous_11)
FN:128,(anonymous_12)
FN:137,(anonymous_13)
FN:143,(anonymous_14)
FN:153,(anonymous_15)
FN:159,(anonymous_16)
FN:167,(anonymous_17)
FN:170,(anonymous_18)
FN:179,(anonymous_19)
FN:183,(anonymous_20)
FN:192,(anonymous_21)
FN:200,(anonymous_22)
FN:201,(anonymous_23)
FN:211,(anonymous_24)
FN:212,(anonymous_25)
FN:219,(anonymous_26)
FN:240,(anonymous_27)
FN:251,(anonymous_28)
FN:261,(anonymous_29)
FN:267,(anonymous_30)
FNF:31
FNH:0
FNDA:0,(anonymous_0)
FNDA:0,(anonymous_1)
FNDA:0,(anonymous_2)
FNDA:0,(anonymous_3)
FNDA:0,(anonymous_4)
FNDA:0,(anonymous_5)
FNDA:0,(anonymous_6)
FNDA:0,(anonymous_7)
FNDA:0,(anonymous_8)
FNDA:0,(anonymous_9)
FNDA:0,(anonymous_10)
FNDA:0,(anonymous_11)
FNDA:0,(anonymous_12)
FNDA:0,(anonymous_13)
FNDA:0,(anonymous_14)
FNDA:0,(anonymous_15)
FNDA:0,(anonymous_16)
FNDA:0,(anonymous_17)
FNDA:0,(anonymous_18)
FNDA:0,(anonymous_19)
FNDA:0,(anonymous_20)
FNDA:0,(anonymous_21)
FNDA:0,(anonymous_22)
FNDA:0,(anonymous_23)
FNDA:0,(anonymous_24)
FNDA:0,(anonymous_25)
FNDA:0,(anonymous_26)
FNDA:0,(anonymous_27)
FNDA:0,(anonymous_28)
FNDA:0,(anonymous_29)
FNDA:0,(anonymous_30)
DA:4,0
DA:7,0
DA:8,0
DA:9,0
DA:10,0
DA:15,0
DA:16,0
DA:17,0
DA:22,0
DA:23,0
DA:24,0
DA:29,0
DA:30,0
DA:31,0
DA:36,0
DA:37,0
DA:38,0
DA:39,0
DA:44,0
DA:47,0
DA:49,0
DA:52,0
DA:55,0
DA:56,0
DA:57,0
DA:59,0
DA:60,0
DA:61,0
DA:63,0
DA:64,0
DA:65,0
DA:67,0
DA:68,0
DA:69,0
DA:71,0
DA:76,0
DA:78,0
DA:79,0
DA:80,0
DA:82,0
DA:83,0
DA:84,0
DA:86,0
DA:91,0
DA:92,0
DA:93,0
DA:94,0
DA:99,0
DA:100,0
DA:101,0
DA:102,0
DA:107,0
DA:108,0
DA:109,0
DA:114,0
DA:115,0
DA:120,0
DA:121,0
DA:126,0
DA:129,0
DA:130,0
DA:131,0
DA:133,0
DA:138,0
DA:139,0
DA:144,0
DA:145,0
DA:146,0
DA:154,0
DA:159,0
DA:163,0
DA:164,0
DA:165,0
DA:167,0
DA:168,0
DA:169,0
DA:170,0
DA:174,0
DA:176,0
DA:179,0
DA:180,0
DA:181,0
DA:183,0
DA:184,0
DA:185,0
DA:186,0
DA:187,0
DA:191,0
DA:192,0
DA:193,0
DA:194,0
DA:197,0
DA:200,0
DA:201,0
DA:206,0
DA:207,0
DA:211,0
DA:212,0
DA:216,0
DA:219,0
DA:220,0
DA:221,0
DA:222,0
DA:225,0
DA:238,0
DA:241,0
DA:245,0
DA:246,0
DA:247,0
DA:252,0
DA:255,0
DA:256,0
DA:257,0
DA:262,0
DA:263,0
DA:268,0
DA:269,0
DA:270,0
DA:271,0
DA:272,0
LF:120
LH:0
BRDA:8,0,0,0
BRDA:8,0,1,0
BRDA:9,1,0,0
BRDA:9,1,1,0
BRDA:14,2,0,0
BRDA:15,3,0,0
BRDA:15,3,1,0
BRDA:16,4,0,0
BRDA:16,4,1,0
BRDA:22,5,0,0
BRDA:22,5,1,0
BRDA:23,6,0,0
BRDA:23,6,1,0
BRDA:29,7,0,0
BRDA:29,7,1,0
BRDA:29,8,0,0
BRDA:29,8,1,0
BRDA:30,9,0,0
BRDA:30,9,1,0
BRDA:36,10,0,0
BRDA:36,10,1,0
BRDA:38,11,0,0
BRDA:38,11,1,0
BRDA:44,12,0,0
BRDA:44,12,1,0
BRDA:49,13,0,0
BRDA:49,13,1,0
BRDA:52,14,0,0
BRDA:52,14,1,0
BRDA:60,15,0,0
BRDA:60,15,1,0
BRDA:60,16,0,0
BRDA:60,16,1,0
BRDA:61,17,0,0
BRDA:61,17,1,0
BRDA:68,18,0,0
BRDA:68,18,1,0
BRDA:68,19,0,0
BRDA:68,19,1,0
BRDA:69,20,0,0
BRDA:69,20,1,0
BRDA:76,21,0,0
BRDA:76,21,1,0
BRDA:82,22,0,0
BRDA:82,22,1,0
BRDA:83,23,0,0
BRDA:83,23,1,0
BRDA:84,24,0,0
BRDA:84,24,1,0
BRDA:91,25,0,0
BRDA:91,25,1,0
BRDA:93,26,0,0
BRDA:93,26,1,0
BRDA:93,27,0,0
BRDA:93,27,1,0
BRDA:98,28,0,0
BRDA:99,29,0,0
BRDA:99,29,1,0
BRDA:99,30,0,0
BRDA:99,30,1,0
BRDA:100,31,0,0
BRDA:100,31,1,0
BRDA:100,32,0,0
BRDA:100,32,1,0
BRDA:101,33,0,0
BRDA:101,33,1,0
BRDA:101,34,0,0
BRDA:101,34,1,0
BRDA:107,35,0,0
BRDA:107,35,1,0
BRDA:107,36,0,0
BRDA:107,36,1,0
BRDA:108,37,0,0
BRDA:108,37,1,0
BRDA:108,38,0,0
BRDA:108,38,1,0
BRDA:113,39,0,0
BRDA:114,40,0,0
BRDA:114,40,1,0
BRDA:114,41,0,0
BRDA:114,41,1,0
BRDA:119,42,0,0
BRDA:120,43,0,0
BRDA:120,43,1,0
BRDA:120,44,0,0
BRDA:120,44,1,0
BRDA:130,45,0,0
BRDA:130,45,1,0
BRDA:168,46,0,0
BRDA:168,46,1,0
BRDA:185,47,0,0
BRDA:185,47,1,0
BRDA:206,48,0,0
BRDA:206,48,1,0
BRDA:245,49,0,0
BRDA:245,49,1,0
BRDA:246,50,0,0
BRDA:246,50,1,0
BRDA:255,51,0,0
BRDA:255,51,1,0
BRDA:256,52,0,0
BRDA:256,52,1,0
BRDA:262,53,0,0
BRDA:262,53,1,0
BRDA:269,54,0,0
BRDA:269,54,1,0
BRDA:270,55,0,0
BRDA:270,55,1,0
BRDA:270,56,0,0
BRDA:270,56,1,0
BRDA:271,57,0,0
BRDA:271,57,1,0
BRF:112
BRH:0
end_of_record
TN:
SF:src/shared/validation/helpers/ValidationHelpers.js
FN:11,(anonymous_0)
FN:18,(anonymous_1)
FN:33,(anonymous_2)
FN:53,(anonymous_3)
FN:66,(anonymous_4)
FN:86,(anonymous_5)
FN:107,(anonymous_6)
FN:109,(anonymous_7)
FN:110,(anonymous_8)
FN:111,(anonymous_9)
FN:112,(anonymous_10)
FN:119,(anonymous_11)
FN:120,(anonymous_12)
FN:125,(anonymous_13)
FN:132,(anonymous_14)
FN:137,(anonymous_15)
FN:149,(anonymous_16)
FN:153,(anonymous_17)
FN:154,(anonymous_18)
FN:171,(anonymous_19)
FN:179,(anonymous_20)
FN:182,(anonymous_21)
FN:203,(anonymous_22)
FN:215,(anonymous_23)
FN:249,(anonymous_24)
FNF:25
FNH:0
FNDA:0,(anonymous_0)
FNDA:0,(anonymous_1)
FNDA:0,(anonymous_2)
FNDA:0,(anonymous_3)
FNDA:0,(anonymous_4)
FNDA:0,(anonymous_5)
FNDA:0,(anonymous_6)
FNDA:0,(anonymous_7)
FNDA:0,(anonymous_8)
FNDA:0,(anonymous_9)
FNDA:0,(anonymous_10)
FNDA:0,(anonymous_11)
FNDA:0,(anonymous_12)
FNDA:0,(anonymous_13)
FNDA:0,(anonymous_14)
FNDA:0,(anonymous_15)
FNDA:0,(anonymous_16)
FNDA:0,(anonymous_17)
FNDA:0,(anonymous_18)
FNDA:0,(anonymous_19)
FNDA:0,(anonymous_20)
FNDA:0,(anonymous_21)
FNDA:0,(anonymous_22)
FNDA:0,(anonymous_23)
FNDA:0,(anonymous_24)
DA:11,0
DA:12,0
DA:13,0
DA:16,0
DA:18,0
DA:19,0
DA:20,0
DA:21,0
DA:23,0
DA:27,0
DA:33,0
DA:34,0
DA:35,0
DA:36,0
DA:42,0
DA:53,0
DA:54,0
DA:55,0
DA:57,0
DA:58,0
DA:59,0
DA:66,0
DA:67,0
DA:68,0
DA:69,0
DA:70,0
DA:73,0
DA:74,0
DA:76,0
DA:77,0
DA:79,0
DA:86,0
DA:87,0
DA:88,0
DA:89,0
DA:90,0
DA:96,0
DA:107,0
DA:108,0
DA:109,0
DA:110,0
DA:111,0
DA:112,0
DA:119,0
DA:120,0
DA:121,0
DA:122,0
DA:123,0
DA:125,0
DA:126,0
DA:127,0
DA:128,0
DA:129,0
DA:132,0
DA:133,0
DA:134,0
DA:136,0
DA:137,0
DA:143,0
DA:144,0
DA:146,0
DA:149,0
DA:150,0
DA:153,0
DA:154,0
DA:155,0
DA:156,0
DA:157,0
DA:161,0
DA:171,0
DA:179,0
DA:180,0
DA:182,0
DA:183,0
DA:185,0
DA:186,0
DA:187,0
DA:188,0
DA:189,0
DA:192,0
DA:197,0
DA:203,0
DA:204,0
DA:206,0
DA:215,0
DA:216,0
DA:219,0
DA:221,0
DA:224,0
DA:227,0
DA:228,0
DA:229,0
DA:231,0
DA:232,0
DA:233,0
DA:235,0
DA:236,0
DA:237,0
DA:239,0
DA:240,0
DA:241,0
DA:243,0
DA:249,0
DA:250,0
DA:253,0
DA:255,0
DA:258,0
DA:261,0
DA:262,0
DA:264,0
DA:265,0
DA:266,0
DA:268,0
DA:269,0
DA:271,0
DA:273,0
DA:274,0
DA:275,0
DA:277,0
DA:278,0
DA:280,0
DA:282,0
LF:122
LH:0
BRDA:12,0,0,0
BRDA:12,0,1,0
BRDA:13,1,0,0
BRDA:13,1,1,0
BRDA:20,2,0,0
BRDA:20,2,1,0
BRDA:69,3,0,0
BRDA:69,3,1,0
BRDA:76,4,0,0
BRDA:76,4,1,0
BRDA:77,5,0,0
BRDA:77,5,1,0
BRDA:120,6,0,0
BRDA:125,7,0,0
BRDA:171,8,0,0
BRDA:171,8,1,0
BRDA:185,9,0,0
BRDA:185,9,1,0
BRDA:185,10,0,0
BRDA:185,10,1,0
BRDA:185,10,2,0
BRDA:186,11,0,0
BRDA:186,11,1,0
BRDA:186,12,0,0
BRDA:186,12,1,0
BRDA:186,12,2,0
BRDA:188,13,0,0
BRDA:188,13,1,0
BRDA:204,14,0,0
BRDA:204,14,1,0
BRDA:216,15,0,0
BRDA:216,15,1,0
BRDA:221,16,0,0
BRDA:221,16,1,0
BRDA:224,17,0,0
BRDA:224,17,1,0
BRDA:232,18,0,0
BRDA:232,18,1,0
BRDA:232,19,0,0
BRDA:232,19,1,0
BRDA:233,20,0,0
BRDA:233,20,1,0
BRDA:240,21,0,0
BRDA:240,21,1,0
BRDA:240,22,0,0
BRDA:240,22,1,0
BRDA:241,23,0,0
BRDA:241,23,1,0
BRDA:250,24,0,0
BRDA:250,24,1,0
BRDA:255,25,0,0
BRDA:255,25,1,0
BRDA:258,26,0,0
BRDA:258,26,1,0
BRDA:269,27,0,0
BRDA:269,27,1,0
BRDA:271,28,0,0
BRDA:271,28,1,0
BRDA:278,29,0,0
BRDA:278,29,1,0
BRDA:280,30,0,0
BRDA:280,30,1,0
BRF:62
BRH:0
end_of_record
TN:
SF:src/shared/validation/schemas/AcademySchemas.js
FNF:0
FNH:0
DA:11,0
DA:25,0
DA:44,0
DA:85,0
DA:95,0
DA:121,0
DA:128,0
DA:144,0
DA:157,0
LF:9
LH:0
BRF:0
BRH:0
end_of_record
TN:
SF:src/shared/validation/schemas/AuthSchemas.js
FN:43,(anonymous_0)
FN:63,(anonymous_1)
FN:71,(anonymous_2)
FN:88,(anonymous_3)
FN:106,(anonymous_4)
FN:118,(anonymous_5)
FN:121,(anonymous_6)
FNF:7
FNH:0
FNDA:0,(anonymous_0)
FNDA:0,(anonymous_1)
FNDA:0,(anonymous_2)
FNDA:0,(anonymous_3)
FNDA:0,(anonymous_4)
FNDA:0,(anonymous_5)
FNDA:0,(anonymous_6)
DA:9,0
DA:16,0
DA:23,0
DA:33,0
DA:42,0
DA:43,0
DA:49,0
DA:57,0
DA:63,0
DA:71,0
DA:79,0
DA:88,0
DA:96,0
DA:103,0
DA:106,0
DA:114,0
DA:118,0
DA:121,0
DA:129,0
DA:143,0
LF:20
LH:0
BRF:0
BRH:0
end_of_record
TN:
SF:src/shared/validation/schemas/UserSchemas.js
FN:121,(anonymous_0)
FNF:1
FNH:0
FNDA:0,(anonymous_0)
DA:12,0
DA:24,0
DA:59,0
DA:66,0
DA:88,0
DA:108,0
DA:121,0
DA:122,0
DA:125,0
DA:128,0
DA:131,0
DA:133,0
DA:140,0
LF:13
LH:0
BRDA:122,0,0,0
BRDA:122,0,1,0
BRDA:122,0,2,0
BRDA:122,0,3,0
BRDA:122,0,4,0
BRDA:122,0,5,0
BRDA:122,0,6,0
BRF:7
BRH:0
end_of_record
TN:
SF:src/tests/e2e/ScrollBlockingTest.tsx
FN:23,(anonymous_0)
FN:27,(anonymous_1)
FN:49,(anonymous_2)
FN:60,(anonymous_3)
FN:82,(anonymous_4)
FN:86,(anonymous_5)
FN:102,(anonymous_6)
FN:106,(anonymous_7)
FN:122,(anonymous_8)
FN:169,(anonymous_9)
FNF:10
FNH:0
FNDA:0,(anonymous_0)
FNDA:0,(anonymous_1)
FNDA:0,(anonymous_2)
FNDA:0,(anonymous_3)
FNDA:0,(anonymous_4)
FNDA:0,(anonymous_5)
FNDA:0,(anonymous_6)
FNDA:0,(anonymous_7)
FNDA:0,(anonymous_8)
FNDA:0,(anonymous_9)
DA:23,0
DA:24,0
DA:28,0
DA:49,0
DA:50,0
DA:61,0
DA:82,0
DA:83,0
DA:87,0
DA:102,0
DA:103,0
DA:107,0
DA:122,0
DA:123,0
DA:170,0
DA:192,0
LF:16
LH:0
BRDA:32,0,0,0
BRDA:32,0,1,0
BRDA:65,1,0,0
BRDA:65,1,1,0
BRDA:91,2,0,0
BRDA:91,2,1,0
BRDA:111,3,0,0
BRDA:111,3,1,0
BRDA:174,4,0,0
BRDA:174,4,1,0
BRDA:174,5,0,0
BRDA:174,5,1,0
BRF:12
BRH:0
end_of_record
TN:
SF:src/types/utils.ts
FNF:0
FNH:0
LF:0
LH:0
BRF:0
BRH:0
end_of_record
TN:
SF:src/utils/scheduleConflictValidator.js
FN:12,(anonymous_0)
FN:75,(anonymous_1)
FN:139,(anonymous_2)
FN:142,(anonymous_3)
FN:146,(anonymous_4)
FN:162,(anonymous_5)
FN:167,(anonymous_6)
FN:177,(anonymous_7)
FN:181,(anonymous_8)
FNF:9
FNH:0
FNDA:0,(anonymous_0)
FNDA:0,(anonymous_1)
FNDA:0,(anonymous_2)
FNDA:0,(anonymous_3)
FNDA:0,(anonymous_4)
FNDA:0,(anonymous_5)
FNDA:0,(anonymous_6)
FNDA:0,(anonymous_7)
FNDA:0,(anonymous_8)
DA:12,0
DA:13,0
DA:14,0
DA:15,0
DA:23,0
DA:25,0
DA:27,0
DA:29,0
DA:30,0
DA:34,0
DA:35,0
DA:39,0
DA:40,0
DA:44,0
DA:45,0
DA:56,0
DA:63,0
DA:64,0
DA:75,0
DA:76,0
DA:77,0
DA:78,0
DA:86,0
DA:95,0
DA:97,0
DA:99,0
DA:100,0
DA:104,0
DA:105,0
DA:109,0
DA:110,0
DA:120,0
DA:127,0
DA:128,0
DA:139,0
DA:140,0
DA:142,0
DA:143,0
DA:144,0
DA:146,0
DA:148,0
DA:149,0
DA:156,0
DA:162,0
DA:163,0
DA:165,0
DA:166,0
DA:167,0
DA:168,0
DA:171,0
DA:177,0
DA:178,0
DA:179,0
DA:181,0
DA:182,0
DA:184,0
DA:187,0
DA:189,0
DA:192,0
DA:195,0
DA:196,0
DA:199,0
DA:203,0
LF:63
LH:0
BRDA:12,0,0,0
BRDA:14,1,0,0
BRDA:14,1,1,0
BRDA:29,2,0,0
BRDA:29,2,1,0
BRDA:29,3,0,0
BRDA:29,3,1,0
BRDA:34,4,0,0
BRDA:34,4,1,0
BRDA:39,5,0,0
BRDA:39,5,1,0
BRDA:39,6,0,0
BRDA:39,6,1,0
BRDA:44,7,0,0
BRDA:44,7,1,0
BRDA:75,8,0,0
BRDA:77,9,0,0
BRDA:77,9,1,0
BRDA:77,10,0,0
BRDA:77,10,1,0
BRDA:99,11,0,0
BRDA:99,11,1,0
BRDA:99,12,0,0
BRDA:99,12,1,0
BRDA:104,13,0,0
BRDA:104,13,1,0
BRDA:104,14,0,0
BRDA:104,14,1,0
BRDA:109,15,0,0
BRDA:109,15,1,0
BRDA:148,16,0,0
BRDA:148,16,1,0
BRDA:163,17,0,0
BRDA:163,17,1,0
BRDA:165,18,0,0
BRDA:165,18,1,0
BRDA:181,19,0,0
BRDA:181,20,0,0
BRDA:187,21,0,0
BRDA:187,21,1,0
BRF:40
BRH:0
end_of_record
TN:
SF:src/utils/scheduleUtils.js
FN:44,(anonymous_0)
FN:61,(anonymous_1)
FN:66,(anonymous_2)
FN:72,(anonymous_3)
FN:76,(anonymous_4)
FN:77,(anonymous_5)
FN:96,(anonymous_6)
FN:107,(anonymous_7)
FN:110,(anonymous_8)
FN:113,(anonymous_9)
FN:120,(anonymous_10)
FN:136,(anonymous_11)
FN:162,(anonymous_12)
FN:170,(anonymous_13)
FN:184,(anonymous_14)
FNF:15
FNH:0
FNDA:0,(anonymous_0)
FNDA:0,(anonymous_1)
FNDA:0,(anonymous_2)
FNDA:0,(anonymous_3)
FNDA:0,(anonymous_4)
FNDA:0,(anonymous_5)
FNDA:0,(anonymous_6)
FNDA:0,(anonymous_7)
FNDA:0,(anonymous_8)
FNDA:0,(anonymous_9)
FNDA:0,(anonymous_10)
FNDA:0,(anonymous_11)
FNDA:0,(anonymous_12)
FNDA:0,(anonymous_13)
FNDA:0,(anonymous_14)
DA:5,0
DA:20,0
DA:31,0
DA:44,0
DA:61,0
DA:62,0
DA:63,0
DA:65,0
DA:66,0
DA:72,0
DA:73,0
DA:75,0
DA:76,0
DA:78,0
DA:79,0
DA:80,0
DA:81,0
DA:83,0
DA:84,0
DA:85,0
DA:86,0
DA:90,0
DA:96,0
DA:97,0
DA:98,0
DA:99,0
DA:100,0
DA:101,0
DA:107,0
DA:108,0
DA:110,0
DA:111,0
DA:112,0
DA:113,0
DA:120,0
DA:121,0
DA:123,0
DA:124,0
DA:125,0
DA:127,0
DA:128,0
DA:131,0
DA:132,0
DA:133,0
DA:134,0
DA:136,0
DA:137,0
DA:140,0
DA:142,0
DA:143,0
DA:144,0
DA:145,0
DA:147,0
DA:156,0
DA:162,0
DA:163,0
DA:164,0
DA:170,0
DA:171,0
DA:172,0
DA:173,0
DA:174,0
DA:175,0
DA:178,0
DA:184,0
DA:185,0
DA:186,0
LF:67
LH:0
BRDA:62,0,0,0
BRDA:62,0,1,0
BRDA:62,1,0,0
BRDA:62,1,1,0
BRDA:63,2,0,0
BRDA:63,2,1,0
BRDA:63,3,0,0
BRDA:63,3,1,0
BRDA:72,4,0,0
BRDA:73,5,0,0
BRDA:73,5,1,0
BRDA:79,6,0,0
BRDA:79,6,1,0
BRDA:80,7,0,0
BRDA:80,7,1,0
BRDA:85,8,0,0
BRDA:85,8,1,0
BRDA:90,9,0,0
BRDA:90,9,1,0
BRDA:108,10,0,0
BRDA:108,10,1,0
BRDA:108,11,0,0
BRDA:108,11,1,0
BRDA:120,12,0,0
BRDA:121,13,0,0
BRDA:121,13,1,0
BRDA:131,14,0,0
BRDA:131,14,1,0
BRDA:137,15,0,0
BRDA:137,15,1,0
BRDA:140,16,0,0
BRDA:140,16,1,0
BRDA:140,17,0,0
BRDA:140,17,1,0
BRDA:170,18,0,0
BRDA:170,19,0,0
BRDA:170,20,0,0
BRDA:174,21,0,0
BRDA:174,21,1,0
BRDA:174,22,0,0
BRDA:174,22,1,0
BRF:41
BRH:0
end_of_record
